1569486913312	mozrunner::runner	INFO	Running command: "/usr/bin/firefox" "-marionette" "-foreground" "-no-remote" "-profile" "/tmp/rust_mozprofile6z4TDg"
1569486913614	addons.xpi	WARN	Can't get modified time of /usr/lib64/firefox/browser/features/aushelper@mozilla.org.xpi
1569486913715	addons.xpi-utils	WARN	addMetadata: Add-on aushelper@mozilla.org is invalid: [Exception... "Component returned failure code: 0x80520006 (NS_ERROR_FILE_TARGET_DOES_NOT_EXIST) [nsIFile.isFile]"  nsresult: "0x80520006 (NS_ERROR_FILE_TARGET_DOES_NOT_EXIST)"  location: "JS frame :: resource://gre/modules/addons/XPIInstall.jsm :: loadManifestFromFile :: line 925"  data: no] Stack trace: loadManifestFromFile()@resource://gre/modules/addons/XPIInstall.jsm:925
syncLoadManifestFromFile()@resource://gre/modules/addons/XPIProvider.jsm:940
addMetadata()@resource://gre/modules/addons/XPIProvider.jsm -> resource://gre/modules/addons/XPIProviderUtils.js:1173
processFileChanges()@resource://gre/modules/addons/XPIProvider.jsm -> resource://gre/modules/addons/XPIProviderUtils.js:1529
checkForChanges()@resource://gre/modules/addons/XPIProvider.jsm:3304
startup()@resource://gre/modules/addons/XPIProvider.jsm:2196
callProvider()@resource://gre/modules/AddonManager.jsm:253
_startProvider()@resource://gre/modules/AddonManager.jsm:728
startup()@resource://gre/modules/AddonManager.jsm:892
startup()@resource://gre/modules/AddonManager.jsm:2981
observe()@jar:file:///usr/lib64/firefox/omni.ja!/components/addonManager.js:63
1569486913716	addons.xpi-utils	WARN	Could not uninstall invalid item from locked install location
1569486914739	addons.xpi	WARN	Can't get modified time of /usr/lib64/firefox/browser/features/aushelper@mozilla.org.xpi
1569486914856	Marionette	INFO	Listening on port 37733
1569486914922	Marionette	WARN	TLS certificate errors will be ignored for this session
*** UTM:SVC TimerManager:registerTimer called after profile-before-change notification. Ignoring timer registration for id: telemetry_modules_ping
1569486968562	mozrunner::runner	INFO	Running command: "/usr/bin/firefox" "-marionette" "-foreground" "-no-remote" "-profile" "/tmp/rust_mozprofileuom5mn"
1569486968844	addons.xpi	WARN	Can't get modified time of /usr/lib64/firefox/browser/features/aushelper@mozilla.org.xpi
1569486968951	addons.xpi-utils	WARN	addMetadata: Add-on aushelper@mozilla.org is invalid: [Exception... "Component returned failure code: 0x80520006 (NS_ERROR_FILE_TARGET_DOES_NOT_EXIST) [nsIFile.isFile]"  nsresult: "0x80520006 (NS_ERROR_FILE_TARGET_DOES_NOT_EXIST)"  location: "JS frame :: resource://gre/modules/addons/XPIInstall.jsm :: loadManifestFromFile :: line 925"  data: no] Stack trace: loadManifestFromFile()@resource://gre/modules/addons/XPIInstall.jsm:925
syncLoadManifestFromFile()@resource://gre/modules/addons/XPIProvider.jsm:940
addMetadata()@resource://gre/modules/addons/XPIProvider.jsm -> resource://gre/modules/addons/XPIProviderUtils.js:1173
processFileChanges()@resource://gre/modules/addons/XPIProvider.jsm -> resource://gre/modules/addons/XPIProviderUtils.js:1529
checkForChanges()@resource://gre/modules/addons/XPIProvider.jsm:3304
startup()@resource://gre/modules/addons/XPIProvider.jsm:2196
callProvider()@resource://gre/modules/AddonManager.jsm:253
_startProvider()@resource://gre/modules/AddonManager.jsm:728
startup()@resource://gre/modules/AddonManager.jsm:892
startup()@resource://gre/modules/AddonManager.jsm:2981
observe()@jar:file:///usr/lib64/firefox/omni.ja!/components/addonManager.js:63
1569486968952	addons.xpi-utils	WARN	Could not uninstall invalid item from locked install location
1569486969909	addons.xpi	WARN	Can't get modified time of /usr/lib64/firefox/browser/features/aushelper@mozilla.org.xpi
1569486970036	Marionette	INFO	Listening on port 36621
1569486970081	Marionette	WARN	TLS certificate errors will be ignored for this session
*** UTM:SVC TimerManager:registerTimer called after profile-before-change notification. Ignoring timer registration for id: telemetry_modules_ping
1569487276526	mozrunner::runner	INFO	Running command: "/usr/bin/firefox" "-marionette" "-foreground" "-no-remote" "-profile" "/tmp/rust_mozprofileOvv7T0"
1569487276812	addons.xpi	WARN	Can't get modified time of /usr/lib64/firefox/browser/features/aushelper@mozilla.org.xpi
1569487276909	addons.xpi-utils	WARN	addMetadata: Add-on aushelper@mozilla.org is invalid: [Exception... "Component returned failure code: 0x80520006 (NS_ERROR_FILE_TARGET_DOES_NOT_EXIST) [nsIFile.isFile]"  nsresult: "0x80520006 (NS_ERROR_FILE_TARGET_DOES_NOT_EXIST)"  location: "JS frame :: resource://gre/modules/addons/XPIInstall.jsm :: loadManifestFromFile :: line 925"  data: no] Stack trace: loadManifestFromFile()@resource://gre/modules/addons/XPIInstall.jsm:925
syncLoadManifestFromFile()@resource://gre/modules/addons/XPIProvider.jsm:940
addMetadata()@resource://gre/modules/addons/XPIProvider.jsm -> resource://gre/modules/addons/XPIProviderUtils.js:1173
processFileChanges()@resource://gre/modules/addons/XPIProvider.jsm -> resource://gre/modules/addons/XPIProviderUtils.js:1529
checkForChanges()@resource://gre/modules/addons/XPIProvider.jsm:3304
startup()@resource://gre/modules/addons/XPIProvider.jsm:2196
callProvider()@resource://gre/modules/AddonManager.jsm:253
_startProvider()@resource://gre/modules/AddonManager.jsm:728
startup()@resource://gre/modules/AddonManager.jsm:892
startup()@resource://gre/modules/AddonManager.jsm:2981
observe()@jar:file:///usr/lib64/firefox/omni.ja!/components/addonManager.js:63
1569487276909	addons.xpi-utils	WARN	Could not uninstall invalid item from locked install location
1569487277898	addons.xpi	WARN	Can't get modified time of /usr/lib64/firefox/browser/features/aushelper@mozilla.org.xpi
1569487278016	Marionette	INFO	Listening on port 37327
1569487278036	Marionette	WARN	TLS certificate errors will be ignored for this session
*** UTM:SVC TimerManager:registerTimer called after profile-before-change notification. Ignoring timer registration for id: telemetry_modules_ping
1569487709443	mozrunner::runner	INFO	Running command: "/usr/bin/firefox" "-marionette" "-foreground" "-no-remote" "-profile" "/tmp/rust_mozprofileTg5SuF"
1569487709720	addons.xpi	WARN	Can't get modified time of /usr/lib64/firefox/browser/features/aushelper@mozilla.org.xpi
1569487709817	addons.xpi-utils	WARN	addMetadata: Add-on aushelper@mozilla.org is invalid: [Exception... "Component returned failure code: 0x80520006 (NS_ERROR_FILE_TARGET_DOES_NOT_EXIST) [nsIFile.isFile]"  nsresult: "0x80520006 (NS_ERROR_FILE_TARGET_DOES_NOT_EXIST)"  location: "JS frame :: resource://gre/modules/addons/XPIInstall.jsm :: loadManifestFromFile :: line 925"  data: no] Stack trace: loadManifestFromFile()@resource://gre/modules/addons/XPIInstall.jsm:925
syncLoadManifestFromFile()@resource://gre/modules/addons/XPIProvider.jsm:940
addMetadata()@resource://gre/modules/addons/XPIProvider.jsm -> resource://gre/modules/addons/XPIProviderUtils.js:1173
processFileChanges()@resource://gre/modules/addons/XPIProvider.jsm -> resource://gre/modules/addons/XPIProviderUtils.js:1529
checkForChanges()@resource://gre/modules/addons/XPIProvider.jsm:3304
startup()@resource://gre/modules/addons/XPIProvider.jsm:2196
callProvider()@resource://gre/modules/AddonManager.jsm:253
_startProvider()@resource://gre/modules/AddonManager.jsm:728
startup()@resource://gre/modules/AddonManager.jsm:892
startup()@resource://gre/modules/AddonManager.jsm:2981
observe()@jar:file:///usr/lib64/firefox/omni.ja!/components/addonManager.js:63
1569487709818	addons.xpi-utils	WARN	Could not uninstall invalid item from locked install location
1569487710789	addons.xpi	WARN	Can't get modified time of /usr/lib64/firefox/browser/features/aushelper@mozilla.org.xpi
1569487710912	Marionette	INFO	Listening on port 40271
1569487710956	Marionette	WARN	TLS certificate errors will be ignored for this session
*** UTM:SVC TimerManager:registerTimer called after profile-before-change notification. Ignoring timer registration for id: telemetry_modules_ping
1569487860641	mozrunner::runner	INFO	Running command: "/usr/bin/firefox" "-marionette" "-foreground" "-no-remote" "-profile" "/tmp/rust_mozprofileU2oY2S"
1569487860916	addons.xpi	WARN	Can't get modified time of /usr/lib64/firefox/browser/features/aushelper@mozilla.org.xpi
1569487861022	addons.xpi-utils	WARN	addMetadata: Add-on aushelper@mozilla.org is invalid: [Exception... "Component returned failure code: 0x80520006 (NS_ERROR_FILE_TARGET_DOES_NOT_EXIST) [nsIFile.isFile]"  nsresult: "0x80520006 (NS_ERROR_FILE_TARGET_DOES_NOT_EXIST)"  location: "JS frame :: resource://gre/modules/addons/XPIInstall.jsm :: loadManifestFromFile :: line 925"  data: no] Stack trace: loadManifestFromFile()@resource://gre/modules/addons/XPIInstall.jsm:925
syncLoadManifestFromFile()@resource://gre/modules/addons/XPIProvider.jsm:940
addMetadata()@resource://gre/modules/addons/XPIProvider.jsm -> resource://gre/modules/addons/XPIProviderUtils.js:1173
processFileChanges()@resource://gre/modules/addons/XPIProvider.jsm -> resource://gre/modules/addons/XPIProviderUtils.js:1529
checkForChanges()@resource://gre/modules/addons/XPIProvider.jsm:3304
startup()@resource://gre/modules/addons/XPIProvider.jsm:2196
callProvider()@resource://gre/modules/AddonManager.jsm:253
_startProvider()@resource://gre/modules/AddonManager.jsm:728
startup()@resource://gre/modules/AddonManager.jsm:892
startup()@resource://gre/modules/AddonManager.jsm:2981
observe()@jar:file:///usr/lib64/firefox/omni.ja!/components/addonManager.js:63
1569487861023	addons.xpi-utils	WARN	Could not uninstall invalid item from locked install location
1569487861994	addons.xpi	WARN	Can't get modified time of /usr/lib64/firefox/browser/features/aushelper@mozilla.org.xpi
1569487862123	Marionette	INFO	Listening on port 41755
1569487862160	Marionette	WARN	TLS certificate errors will be ignored for this session
*** UTM:SVC TimerManager:registerTimer called after profile-before-change notification. Ignoring timer registration for id: telemetry_modules_ping
1569487957164	mozrunner::runner	INFO	Running command: "/usr/bin/firefox" "-marionette" "-foreground" "-no-remote" "-profile" "/tmp/rust_mozprofileTsIzcB"
1569487957455	addons.xpi	WARN	Can't get modified time of /usr/lib64/firefox/browser/features/aushelper@mozilla.org.xpi
1569487957554	addons.xpi-utils	WARN	addMetadata: Add-on aushelper@mozilla.org is invalid: [Exception... "Component returned failure code: 0x80520006 (NS_ERROR_FILE_TARGET_DOES_NOT_EXIST) [nsIFile.isFile]"  nsresult: "0x80520006 (NS_ERROR_FILE_TARGET_DOES_NOT_EXIST)"  location: "JS frame :: resource://gre/modules/addons/XPIInstall.jsm :: loadManifestFromFile :: line 925"  data: no] Stack trace: loadManifestFromFile()@resource://gre/modules/addons/XPIInstall.jsm:925
syncLoadManifestFromFile()@resource://gre/modules/addons/XPIProvider.jsm:940
addMetadata()@resource://gre/modules/addons/XPIProvider.jsm -> resource://gre/modules/addons/XPIProviderUtils.js:1173
processFileChanges()@resource://gre/modules/addons/XPIProvider.jsm -> resource://gre/modules/addons/XPIProviderUtils.js:1529
checkForChanges()@resource://gre/modules/addons/XPIProvider.jsm:3304
startup()@resource://gre/modules/addons/XPIProvider.jsm:2196
callProvider()@resource://gre/modules/AddonManager.jsm:253
_startProvider()@resource://gre/modules/AddonManager.jsm:728
startup()@resource://gre/modules/AddonManager.jsm:892
startup()@resource://gre/modules/AddonManager.jsm:2981
observe()@jar:file:///usr/lib64/firefox/omni.ja!/components/addonManager.js:63
1569487957555	addons.xpi-utils	WARN	Could not uninstall invalid item from locked install location
1569487958563	addons.xpi	WARN	Can't get modified time of /usr/lib64/firefox/browser/features/aushelper@mozilla.org.xpi
1569487958681	Marionette	INFO	Listening on port 39927
1569487958777	Marionette	WARN	TLS certificate errors will be ignored for this session
*** UTM:SVC TimerManager:registerTimer called after profile-before-change notification. Ignoring timer registration for id: telemetry_modules_ping
1569488032506	mozrunner::runner	INFO	Running command: "/usr/bin/firefox" "-marionette" "-headless" "-foreground" "-no-remote" "-profile" "/tmp/rust_mozprofileNhYTva"
*** You are running in headless mode.
1569488032760	addons.xpi	WARN	Can't get modified time of /usr/lib64/firefox/browser/features/aushelper@mozilla.org.xpi
1569488032861	addons.xpi-utils	WARN	addMetadata: Add-on aushelper@mozilla.org is invalid: [Exception... "Component returned failure code: 0x80520006 (NS_ERROR_FILE_TARGET_DOES_NOT_EXIST) [nsIFile.isFile]"  nsresult: "0x80520006 (NS_ERROR_FILE_TARGET_DOES_NOT_EXIST)"  location: "JS frame :: resource://gre/modules/addons/XPIInstall.jsm :: loadManifestFromFile :: line 925"  data: no] Stack trace: loadManifestFromFile()@resource://gre/modules/addons/XPIInstall.jsm:925
syncLoadManifestFromFile()@resource://gre/modules/addons/XPIProvider.jsm:940
addMetadata()@resource://gre/modules/addons/XPIProvider.jsm -> resource://gre/modules/addons/XPIProviderUtils.js:1173
processFileChanges()@resource://gre/modules/addons/XPIProvider.jsm -> resource://gre/modules/addons/XPIProviderUtils.js:1529
checkForChanges()@resource://gre/modules/addons/XPIProvider.jsm:3304
startup()@resource://gre/modules/addons/XPIProvider.jsm:2196
callProvider()@resource://gre/modules/AddonManager.jsm:253
_startProvider()@resource://gre/modules/AddonManager.jsm:728
startup()@resource://gre/modules/AddonManager.jsm:892
startup()@resource://gre/modules/AddonManager.jsm:2981
observe()@jar:file:///usr/lib64/firefox/omni.ja!/components/addonManager.js:63
1569488032862	addons.xpi-utils	WARN	Could not uninstall invalid item from locked install location
1569488033602	addons.xpi	WARN	Can't get modified time of /usr/lib64/firefox/browser/features/aushelper@mozilla.org.xpi
1569488033752	Marionette	INFO	Listening on port 44897
1569488033821	Marionette	WARN	TLS certificate errors will be ignored for this session
*** UTM:SVC TimerManager:registerTimer called after profile-before-change notification. Ignoring timer registration for id: telemetry_modules_ping
1569488179728	mozrunner::runner	INFO	Running command: "/usr/bin/firefox" "-marionette" "-headless" "-foreground" "-no-remote" "-profile" "/tmp/rust_mozprofileXTV7JT"
*** You are running in headless mode.
1569488179974	addons.xpi	WARN	Can't get modified time of /usr/lib64/firefox/browser/features/aushelper@mozilla.org.xpi
1569488180077	addons.xpi-utils	WARN	addMetadata: Add-on aushelper@mozilla.org is invalid: [Exception... "Component returned failure code: 0x80520006 (NS_ERROR_FILE_TARGET_DOES_NOT_EXIST) [nsIFile.isFile]"  nsresult: "0x80520006 (NS_ERROR_FILE_TARGET_DOES_NOT_EXIST)"  location: "JS frame :: resource://gre/modules/addons/XPIInstall.jsm :: loadManifestFromFile :: line 925"  data: no] Stack trace: loadManifestFromFile()@resource://gre/modules/addons/XPIInstall.jsm:925
syncLoadManifestFromFile()@resource://gre/modules/addons/XPIProvider.jsm:940
addMetadata()@resource://gre/modules/addons/XPIProvider.jsm -> resource://gre/modules/addons/XPIProviderUtils.js:1173
processFileChanges()@resource://gre/modules/addons/XPIProvider.jsm -> resource://gre/modules/addons/XPIProviderUtils.js:1529
checkForChanges()@resource://gre/modules/addons/XPIProvider.jsm:3304
startup()@resource://gre/modules/addons/XPIProvider.jsm:2196
callProvider()@resource://gre/modules/AddonManager.jsm:253
_startProvider()@resource://gre/modules/AddonManager.jsm:728
startup()@resource://gre/modules/AddonManager.jsm:892
startup()@resource://gre/modules/AddonManager.jsm:2981
observe()@jar:file:///usr/lib64/firefox/omni.ja!/components/addonManager.js:63
1569488180078	addons.xpi-utils	WARN	Could not uninstall invalid item from locked install location
1569488180819	addons.xpi	WARN	Can't get modified time of /usr/lib64/firefox/browser/features/aushelper@mozilla.org.xpi
1569488180944	Marionette	INFO	Listening on port 38943
1569488181038	Marionette	WARN	TLS certificate errors will be ignored for this session
1569488211443	mozrunner::runner	INFO	Running command: "/usr/bin/firefox" "-marionette" "-headless" "-foreground" "-no-remote" "-profile" "/tmp/rust_mozprofileOiwC3k"
*** You are running in headless mode.
1569488211685	addons.xpi	WARN	Can't get modified time of /usr/lib64/firefox/browser/features/aushelper@mozilla.org.xpi
1569488211782	addons.xpi-utils	WARN	addMetadata: Add-on aushelper@mozilla.org is invalid: [Exception... "Component returned failure code: 0x80520006 (NS_ERROR_FILE_TARGET_DOES_NOT_EXIST) [nsIFile.isFile]"  nsresult: "0x80520006 (NS_ERROR_FILE_TARGET_DOES_NOT_EXIST)"  location: "JS frame :: resource://gre/modules/addons/XPIInstall.jsm :: loadManifestFromFile :: line 925"  data: no] Stack trace: loadManifestFromFile()@resource://gre/modules/addons/XPIInstall.jsm:925
syncLoadManifestFromFile()@resource://gre/modules/addons/XPIProvider.jsm:940
addMetadata()@resource://gre/modules/addons/XPIProvider.jsm -> resource://gre/modules/addons/XPIProviderUtils.js:1173
processFileChanges()@resource://gre/modules/addons/XPIProvider.jsm -> resource://gre/modules/addons/XPIProviderUtils.js:1529
checkForChanges()@resource://gre/modules/addons/XPIProvider.jsm:3304
startup()@resource://gre/modules/addons/XPIProvider.jsm:2196
callProvider()@resource://gre/modules/AddonManager.jsm:253
_startProvider()@resource://gre/modules/AddonManager.jsm:728
startup()@resource://gre/modules/AddonManager.jsm:892
startup()@resource://gre/modules/AddonManager.jsm:2981
observe()@jar:file:///usr/lib64/firefox/omni.ja!/components/addonManager.js:63
1569488211783	addons.xpi-utils	WARN	Could not uninstall invalid item from locked install location
1569488212542	addons.xpi	WARN	Can't get modified time of /usr/lib64/firefox/browser/features/aushelper@mozilla.org.xpi
1569488212658	Marionette	INFO	Listening on port 45185
1569488212749	Marionette	WARN	TLS certificate errors will be ignored for this session
*** UTM:SVC TimerManager:registerTimer called after profile-before-change notification. Ignoring timer registration for id: telemetry_modules_ping
1569488304260	mozrunner::runner	INFO	Running command: "/usr/bin/firefox" "-marionette" "-headless" "-foreground" "-no-remote" "-profile" "/tmp/rust_mozprofileg91UQl"
*** You are running in headless mode.
1569488304521	addons.xpi	WARN	Can't get modified time of /usr/lib64/firefox/browser/features/aushelper@mozilla.org.xpi
1569488304630	addons.xpi-utils	WARN	addMetadata: Add-on aushelper@mozilla.org is invalid: [Exception... "Component returned failure code: 0x80520006 (NS_ERROR_FILE_TARGET_DOES_NOT_EXIST) [nsIFile.isFile]"  nsresult: "0x80520006 (NS_ERROR_FILE_TARGET_DOES_NOT_EXIST)"  location: "JS frame :: resource://gre/modules/addons/XPIInstall.jsm :: loadManifestFromFile :: line 925"  data: no] Stack trace: loadManifestFromFile()@resource://gre/modules/addons/XPIInstall.jsm:925
syncLoadManifestFromFile()@resource://gre/modules/addons/XPIProvider.jsm:940
addMetadata()@resource://gre/modules/addons/XPIProvider.jsm -> resource://gre/modules/addons/XPIProviderUtils.js:1173
processFileChanges()@resource://gre/modules/addons/XPIProvider.jsm -> resource://gre/modules/addons/XPIProviderUtils.js:1529
checkForChanges()@resource://gre/modules/addons/XPIProvider.jsm:3304
startup()@resource://gre/modules/addons/XPIProvider.jsm:2196
callProvider()@resource://gre/modules/AddonManager.jsm:253
_startProvider()@resource://gre/modules/AddonManager.jsm:728
startup()@resource://gre/modules/AddonManager.jsm:892
startup()@resource://gre/modules/AddonManager.jsm:2981
observe()@jar:file:///usr/lib64/firefox/omni.ja!/components/addonManager.js:63
1569488304631	addons.xpi-utils	WARN	Could not uninstall invalid item from locked install location
1569488305375	addons.xpi	WARN	Can't get modified time of /usr/lib64/firefox/browser/features/aushelper@mozilla.org.xpi
1569488305500	Marionette	INFO	Listening on port 39323
1569488305566	Marionette	WARN	TLS certificate errors will be ignored for this session
*** UTM:SVC TimerManager:registerTimer called after profile-before-change notification. Ignoring timer registration for id: telemetry_modules_ping

** (firefox:7019): WARNING **: 14:29:20.828: No marshaller for signature of signal 'PropertiesChanged'
1569514362233	mozrunner::runner	INFO	Running command: "/usr/bin/firefox" "-marionette" "-headless" "-foreground" "-no-remote" "-profile" "/tmp/rust_mozprofileKlI4Jo"
*** You are running in headless mode.
1569514362620	addons.xpi	WARN	Can't get modified time of /usr/lib64/firefox/browser/features/aushelper@mozilla.org.xpi
1569514362745	addons.xpi-utils	WARN	addMetadata: Add-on aushelper@mozilla.org is invalid: [Exception... "Component returned failure code: 0x80520006 (NS_ERROR_FILE_TARGET_DOES_NOT_EXIST) [nsIFile.isFile]"  nsresult: "0x80520006 (NS_ERROR_FILE_TARGET_DOES_NOT_EXIST)"  location: "JS frame :: resource://gre/modules/addons/XPIInstall.jsm :: loadManifestFromFile :: line 925"  data: no] Stack trace: loadManifestFromFile()@resource://gre/modules/addons/XPIInstall.jsm:925
syncLoadManifestFromFile()@resource://gre/modules/addons/XPIProvider.jsm:940
addMetadata()@resource://gre/modules/addons/XPIProvider.jsm -> resource://gre/modules/addons/XPIProviderUtils.js:1173
processFileChanges()@resource://gre/modules/addons/XPIProvider.jsm -> resource://gre/modules/addons/XPIProviderUtils.js:1529
checkForChanges()@resource://gre/modules/addons/XPIProvider.jsm:3304
startup()@resource://gre/modules/addons/XPIProvider.jsm:2196
callProvider()@resource://gre/modules/AddonManager.jsm:253
_startProvider()@resource://gre/modules/AddonManager.jsm:728
startup()@resource://gre/modules/AddonManager.jsm:892
startup()@resource://gre/modules/AddonManager.jsm:2981
observe()@jar:file:///usr/lib64/firefox/omni.ja!/components/addonManager.js:63
1569514362746	addons.xpi-utils	WARN	Could not uninstall invalid item from locked install location
1569514363640	addons.xpi	WARN	Can't get modified time of /usr/lib64/firefox/browser/features/aushelper@mozilla.org.xpi
1569514363799	Marionette	INFO	Listening on port 38499
1569514363843	Marionette	WARN	TLS certificate errors will be ignored for this session
1569514397218	mozrunner::runner	INFO	Running command: "/usr/bin/firefox" "-marionette" "-headless" "-foreground" "-no-remote" "-profile" "/tmp/rust_mozprofiledz0B0x"
*** You are running in headless mode.
1569514397504	addons.xpi	WARN	Can't get modified time of /usr/lib64/firefox/browser/features/aushelper@mozilla.org.xpi
1569514397618	addons.xpi-utils	WARN	addMetadata: Add-on aushelper@mozilla.org is invalid: [Exception... "Component returned failure code: 0x80520006 (NS_ERROR_FILE_TARGET_DOES_NOT_EXIST) [nsIFile.isFile]"  nsresult: "0x80520006 (NS_ERROR_FILE_TARGET_DOES_NOT_EXIST)"  location: "JS frame :: resource://gre/modules/addons/XPIInstall.jsm :: loadManifestFromFile :: line 925"  data: no] Stack trace: loadManifestFromFile()@resource://gre/modules/addons/XPIInstall.jsm:925
syncLoadManifestFromFile()@resource://gre/modules/addons/XPIProvider.jsm:940
addMetadata()@resource://gre/modules/addons/XPIProvider.jsm -> resource://gre/modules/addons/XPIProviderUtils.js:1173
processFileChanges()@resource://gre/modules/addons/XPIProvider.jsm -> resource://gre/modules/addons/XPIProviderUtils.js:1529
checkForChanges()@resource://gre/modules/addons/XPIProvider.jsm:3304
startup()@resource://gre/modules/addons/XPIProvider.jsm:2196
callProvider()@resource://gre/modules/AddonManager.jsm:253
_startProvider()@resource://gre/modules/AddonManager.jsm:728
startup()@resource://gre/modules/AddonManager.jsm:892
startup()@resource://gre/modules/AddonManager.jsm:2981
observe()@jar:file:///usr/lib64/firefox/omni.ja!/components/addonManager.js:63
1569514397618	addons.xpi-utils	WARN	Could not uninstall invalid item from locked install location
1569514398392	addons.xpi	WARN	Can't get modified time of /usr/lib64/firefox/browser/features/aushelper@mozilla.org.xpi
1569514398537	Marionette	INFO	Listening on port 36587
1569514398624	Marionette	WARN	TLS certificate errors will be ignored for this session
*** UTM:SVC TimerManager:registerTimer called after profile-before-change notification. Ignoring timer registration for id: telemetry_modules_ping

** (firefox:9709): WARNING **: 21:45:43.646: No marshaller for signature of signal 'PropertiesChanged'
1569514584353	mozrunner::runner	INFO	Running command: "/usr/bin/firefox" "-marionette" "-headless" "-foreground" "-no-remote" "-profile" "/tmp/rust_mozprofilep1bJm8"
*** You are running in headless mode.
1569514584633	addons.xpi	WARN	Can't get modified time of /usr/lib64/firefox/browser/features/aushelper@mozilla.org.xpi
1569514584730	addons.xpi-utils	WARN	addMetadata: Add-on aushelper@mozilla.org is invalid: [Exception... "Component returned failure code: 0x80520006 (NS_ERROR_FILE_TARGET_DOES_NOT_EXIST) [nsIFile.isFile]"  nsresult: "0x80520006 (NS_ERROR_FILE_TARGET_DOES_NOT_EXIST)"  location: "JS frame :: resource://gre/modules/addons/XPIInstall.jsm :: loadManifestFromFile :: line 925"  data: no] Stack trace: loadManifestFromFile()@resource://gre/modules/addons/XPIInstall.jsm:925
syncLoadManifestFromFile()@resource://gre/modules/addons/XPIProvider.jsm:940
addMetadata()@resource://gre/modules/addons/XPIProvider.jsm -> resource://gre/modules/addons/XPIProviderUtils.js:1173
processFileChanges()@resource://gre/modules/addons/XPIProvider.jsm -> resource://gre/modules/addons/XPIProviderUtils.js:1529
checkForChanges()@resource://gre/modules/addons/XPIProvider.jsm:3304
startup()@resource://gre/modules/addons/XPIProvider.jsm:2196
callProvider()@resource://gre/modules/AddonManager.jsm:253
_startProvider()@resource://gre/modules/AddonManager.jsm:728
startup()@resource://gre/modules/AddonManager.jsm:892
startup()@resource://gre/modules/AddonManager.jsm:2981
observe()@jar:file:///usr/lib64/firefox/omni.ja!/components/addonManager.js:63
1569514584731	addons.xpi-utils	WARN	Could not uninstall invalid item from locked install location
1569514585465	addons.xpi	WARN	Can't get modified time of /usr/lib64/firefox/browser/features/aushelper@mozilla.org.xpi
1569514585570	Marionette	INFO	Listening on port 42203
1569514585661	Marionette	WARN	TLS certificate errors will be ignored for this session
*** UTM:SVC TimerManager:registerTimer called after profile-before-change notification. Ignoring timer registration for id: telemetry_modules_ping
1569514983428	mozrunner::runner	INFO	Running command: "/usr/bin/firefox" "-marionette" "-headless" "-foreground" "-no-remote" "-profile" "/tmp/rust_mozprofileiJX0AK"
*** You are running in headless mode.
1569514983707	addons.xpi	WARN	Can't get modified time of /usr/lib64/firefox/browser/features/aushelper@mozilla.org.xpi
1569514983807	addons.xpi-utils	WARN	addMetadata: Add-on aushelper@mozilla.org is invalid: [Exception... "Component returned failure code: 0x80520006 (NS_ERROR_FILE_TARGET_DOES_NOT_EXIST) [nsIFile.isFile]"  nsresult: "0x80520006 (NS_ERROR_FILE_TARGET_DOES_NOT_EXIST)"  location: "JS frame :: resource://gre/modules/addons/XPIInstall.jsm :: loadManifestFromFile :: line 925"  data: no] Stack trace: loadManifestFromFile()@resource://gre/modules/addons/XPIInstall.jsm:925
syncLoadManifestFromFile()@resource://gre/modules/addons/XPIProvider.jsm:940
addMetadata()@resource://gre/modules/addons/XPIProvider.jsm -> resource://gre/modules/addons/XPIProviderUtils.js:1173
processFileChanges()@resource://gre/modules/addons/XPIProvider.jsm -> resource://gre/modules/addons/XPIProviderUtils.js:1529
checkForChanges()@resource://gre/modules/addons/XPIProvider.jsm:3304
startup()@resource://gre/modules/addons/XPIProvider.jsm:2196
callProvider()@resource://gre/modules/AddonManager.jsm:253
_startProvider()@resource://gre/modules/AddonManager.jsm:728
startup()@resource://gre/modules/AddonManager.jsm:892
startup()@resource://gre/modules/AddonManager.jsm:2981
observe()@jar:file:///usr/lib64/firefox/omni.ja!/components/addonManager.js:63
1569514983808	addons.xpi-utils	WARN	Could not uninstall invalid item from locked install location
1569514984606	addons.xpi	WARN	Can't get modified time of /usr/lib64/firefox/browser/features/aushelper@mozilla.org.xpi
1569514984749	Marionette	INFO	Listening on port 37903
1569514984834	Marionette	WARN	TLS certificate errors will be ignored for this session
1569515071993	mozrunner::runner	INFO	Running command: "/usr/bin/firefox" "-marionette" "-headless" "-foreground" "-no-remote" "-profile" "/tmp/rust_mozprofileWPwY6b"
*** You are running in headless mode.
1569515072314	addons.xpi	WARN	Can't get modified time of /usr/lib64/firefox/browser/features/aushelper@mozilla.org.xpi
1569515072432	addons.xpi-utils	WARN	addMetadata: Add-on aushelper@mozilla.org is invalid: [Exception... "Component returned failure code: 0x80520006 (NS_ERROR_FILE_TARGET_DOES_NOT_EXIST) [nsIFile.isFile]"  nsresult: "0x80520006 (NS_ERROR_FILE_TARGET_DOES_NOT_EXIST)"  location: "JS frame :: resource://gre/modules/addons/XPIInstall.jsm :: loadManifestFromFile :: line 925"  data: no] Stack trace: loadManifestFromFile()@resource://gre/modules/addons/XPIInstall.jsm:925
syncLoadManifestFromFile()@resource://gre/modules/addons/XPIProvider.jsm:940
addMetadata()@resource://gre/modules/addons/XPIProvider.jsm -> resource://gre/modules/addons/XPIProviderUtils.js:1173
processFileChanges()@resource://gre/modules/addons/XPIProvider.jsm -> resource://gre/modules/addons/XPIProviderUtils.js:1529
checkForChanges()@resource://gre/modules/addons/XPIProvider.jsm:3304
startup()@resource://gre/modules/addons/XPIProvider.jsm:2196
callProvider()@resource://gre/modules/AddonManager.jsm:253
_startProvider()@resource://gre/modules/AddonManager.jsm:728
startup()@resource://gre/modules/AddonManager.jsm:892
startup()@resource://gre/modules/AddonManager.jsm:2981
observe()@jar:file:///usr/lib64/firefox/omni.ja!/components/addonManager.js:63
1569515072433	addons.xpi-utils	WARN	Could not uninstall invalid item from locked install location
1569515073254	addons.xpi	WARN	Can't get modified time of /usr/lib64/firefox/browser/features/aushelper@mozilla.org.xpi
1569515073377	Marionette	INFO	Listening on port 39381
1569515073407	Marionette	WARN	TLS certificate errors will be ignored for this session
1569515142895	mozrunner::runner	INFO	Running command: "/usr/bin/firefox" "-marionette" "-headless" "-foreground" "-no-remote" "-profile" "/tmp/rust_mozprofile85q9nz"
*** You are running in headless mode.
1569515143188	addons.xpi	WARN	Can't get modified time of /usr/lib64/firefox/browser/features/aushelper@mozilla.org.xpi
1569515143297	addons.xpi-utils	WARN	addMetadata: Add-on aushelper@mozilla.org is invalid: [Exception... "Component returned failure code: 0x80520006 (NS_ERROR_FILE_TARGET_DOES_NOT_EXIST) [nsIFile.isFile]"  nsresult: "0x80520006 (NS_ERROR_FILE_TARGET_DOES_NOT_EXIST)"  location: "JS frame :: resource://gre/modules/addons/XPIInstall.jsm :: loadManifestFromFile :: line 925"  data: no] Stack trace: loadManifestFromFile()@resource://gre/modules/addons/XPIInstall.jsm:925
syncLoadManifestFromFile()@resource://gre/modules/addons/XPIProvider.jsm:940
addMetadata()@resource://gre/modules/addons/XPIProvider.jsm -> resource://gre/modules/addons/XPIProviderUtils.js:1173
processFileChanges()@resource://gre/modules/addons/XPIProvider.jsm -> resource://gre/modules/addons/XPIProviderUtils.js:1529
checkForChanges()@resource://gre/modules/addons/XPIProvider.jsm:3304
startup()@resource://gre/modules/addons/XPIProvider.jsm:2196
callProvider()@resource://gre/modules/AddonManager.jsm:253
_startProvider()@resource://gre/modules/AddonManager.jsm:728
startup()@resource://gre/modules/AddonManager.jsm:892
startup()@resource://gre/modules/AddonManager.jsm:2981
observe()@jar:file:///usr/lib64/firefox/omni.ja!/components/addonManager.js:63
1569515143297	addons.xpi-utils	WARN	Could not uninstall invalid item from locked install location
1569515144102	addons.xpi	WARN	Can't get modified time of /usr/lib64/firefox/browser/features/aushelper@mozilla.org.xpi
1569515144225	Marionette	INFO	Listening on port 45755
1569515144303	Marionette	WARN	TLS certificate errors will be ignored for this session
1569515152874	mozrunner::runner	INFO	Running command: "/usr/bin/firefox" "-marionette" "-headless" "-foreground" "-no-remote" "-profile" "/tmp/rust_mozprofileLv3JVR"
*** You are running in headless mode.
1569515153170	addons.xpi	WARN	Can't get modified time of /usr/lib64/firefox/browser/features/aushelper@mozilla.org.xpi
1569515153279	addons.xpi-utils	WARN	addMetadata: Add-on aushelper@mozilla.org is invalid: [Exception... "Component returned failure code: 0x80520006 (NS_ERROR_FILE_TARGET_DOES_NOT_EXIST) [nsIFile.isFile]"  nsresult: "0x80520006 (NS_ERROR_FILE_TARGET_DOES_NOT_EXIST)"  location: "JS frame :: resource://gre/modules/addons/XPIInstall.jsm :: loadManifestFromFile :: line 925"  data: no] Stack trace: loadManifestFromFile()@resource://gre/modules/addons/XPIInstall.jsm:925
syncLoadManifestFromFile()@resource://gre/modules/addons/XPIProvider.jsm:940
addMetadata()@resource://gre/modules/addons/XPIProvider.jsm -> resource://gre/modules/addons/XPIProviderUtils.js:1173
processFileChanges()@resource://gre/modules/addons/XPIProvider.jsm -> resource://gre/modules/addons/XPIProviderUtils.js:1529
checkForChanges()@resource://gre/modules/addons/XPIProvider.jsm:3304
startup()@resource://gre/modules/addons/XPIProvider.jsm:2196
callProvider()@resource://gre/modules/AddonManager.jsm:253
_startProvider()@resource://gre/modules/AddonManager.jsm:728
startup()@resource://gre/modules/AddonManager.jsm:892
startup()@resource://gre/modules/AddonManager.jsm:2981
observe()@jar:file:///usr/lib64/firefox/omni.ja!/components/addonManager.js:63
1569515153279	addons.xpi-utils	WARN	Could not uninstall invalid item from locked install location
1569515154072	addons.xpi	WARN	Can't get modified time of /usr/lib64/firefox/browser/features/aushelper@mozilla.org.xpi
1569515154216	Marionette	INFO	Listening on port 37331
1569515154296	Marionette	WARN	TLS certificate errors will be ignored for this session

** (firefox:11924): WARNING **: 21:56:04.614: No marshaller for signature of signal 'PropertiesChanged'
*** UTM:SVC TimerManager:registerTimer called after profile-before-change notification. Ignoring timer registration for id: telemetry_modules_ping

** (firefox:12319): WARNING **: 21:57:33.260: No marshaller for signature of signal 'PropertiesChanged'

** (firefox:12696): WARNING **: 21:58:44.109: No marshaller for signature of signal 'PropertiesChanged'
1569516630776	mozrunner::runner	INFO	Running command: "/usr/bin/firefox" "-marionette" "-headless" "-foreground" "-no-remote" "-profile" "/tmp/rust_mozprofilegQ37Yw"
*** You are running in headless mode.
1569516631059	addons.xpi	WARN	Can't get modified time of /usr/lib64/firefox/browser/features/aushelper@mozilla.org.xpi
1569516631166	addons.xpi-utils	WARN	addMetadata: Add-on aushelper@mozilla.org is invalid: [Exception... "Component returned failure code: 0x80520006 (NS_ERROR_FILE_TARGET_DOES_NOT_EXIST) [nsIFile.isFile]"  nsresult: "0x80520006 (NS_ERROR_FILE_TARGET_DOES_NOT_EXIST)"  location: "JS frame :: resource://gre/modules/addons/XPIInstall.jsm :: loadManifestFromFile :: line 925"  data: no] Stack trace: loadManifestFromFile()@resource://gre/modules/addons/XPIInstall.jsm:925
syncLoadManifestFromFile()@resource://gre/modules/addons/XPIProvider.jsm:940
addMetadata()@resource://gre/modules/addons/XPIProvider.jsm -> resource://gre/modules/addons/XPIProviderUtils.js:1173
processFileChanges()@resource://gre/modules/addons/XPIProvider.jsm -> resource://gre/modules/addons/XPIProviderUtils.js:1529
checkForChanges()@resource://gre/modules/addons/XPIProvider.jsm:3304
startup()@resource://gre/modules/addons/XPIProvider.jsm:2196
callProvider()@resource://gre/modules/AddonManager.jsm:253
_startProvider()@resource://gre/modules/AddonManager.jsm:728
startup()@resource://gre/modules/AddonManager.jsm:892
startup()@resource://gre/modules/AddonManager.jsm:2981
observe()@jar:file:///usr/lib64/firefox/omni.ja!/components/addonManager.js:63
1569516631167	addons.xpi-utils	WARN	Could not uninstall invalid item from locked install location
1569516631950	addons.xpi	WARN	Can't get modified time of /usr/lib64/firefox/browser/features/aushelper@mozilla.org.xpi
1569516632064	Marionette	INFO	Listening on port 42565
1569516632087	Marionette	WARN	TLS certificate errors will be ignored for this session
1569516679855	mozrunner::runner	INFO	Running command: "/usr/bin/firefox" "-marionette" "-headless" "-foreground" "-no-remote" "-profile" "/tmp/rust_mozprofileV2Wbzv"
*** You are running in headless mode.
1569516680138	addons.xpi	WARN	Can't get modified time of /usr/lib64/firefox/browser/features/aushelper@mozilla.org.xpi
1569516680252	addons.xpi-utils	WARN	addMetadata: Add-on aushelper@mozilla.org is invalid: [Exception... "Component returned failure code: 0x80520006 (NS_ERROR_FILE_TARGET_DOES_NOT_EXIST) [nsIFile.isFile]"  nsresult: "0x80520006 (NS_ERROR_FILE_TARGET_DOES_NOT_EXIST)"  location: "JS frame :: resource://gre/modules/addons/XPIInstall.jsm :: loadManifestFromFile :: line 925"  data: no] Stack trace: loadManifestFromFile()@resource://gre/modules/addons/XPIInstall.jsm:925
syncLoadManifestFromFile()@resource://gre/modules/addons/XPIProvider.jsm:940
addMetadata()@resource://gre/modules/addons/XPIProvider.jsm -> resource://gre/modules/addons/XPIProviderUtils.js:1173
processFileChanges()@resource://gre/modules/addons/XPIProvider.jsm -> resource://gre/modules/addons/XPIProviderUtils.js:1529
checkForChanges()@resource://gre/modules/addons/XPIProvider.jsm:3304
startup()@resource://gre/modules/addons/XPIProvider.jsm:2196
callProvider()@resource://gre/modules/AddonManager.jsm:253
_startProvider()@resource://gre/modules/AddonManager.jsm:728
startup()@resource://gre/modules/AddonManager.jsm:892
startup()@resource://gre/modules/AddonManager.jsm:2981
observe()@jar:file:///usr/lib64/firefox/omni.ja!/components/addonManager.js:63
1569516680253	addons.xpi-utils	WARN	Could not uninstall invalid item from locked install location
1569516680998	addons.xpi	WARN	Can't get modified time of /usr/lib64/firefox/browser/features/aushelper@mozilla.org.xpi
1569516681114	Marionette	INFO	Listening on port 45405
1569516681164	Marionette	WARN	TLS certificate errors will be ignored for this session
1569516763394	mozrunner::runner	INFO	Running command: "/usr/bin/firefox" "-marionette" "-headless" "-foreground" "-no-remote" "-profile" "/tmp/rust_mozprofilenrz7Cy"
*** You are running in headless mode.
1569516763673	addons.xpi	WARN	Can't get modified time of /usr/lib64/firefox/browser/features/aushelper@mozilla.org.xpi
1569516763772	addons.xpi-utils	WARN	addMetadata: Add-on aushelper@mozilla.org is invalid: [Exception... "Component returned failure code: 0x80520006 (NS_ERROR_FILE_TARGET_DOES_NOT_EXIST) [nsIFile.isFile]"  nsresult: "0x80520006 (NS_ERROR_FILE_TARGET_DOES_NOT_EXIST)"  location: "JS frame :: resource://gre/modules/addons/XPIInstall.jsm :: loadManifestFromFile :: line 925"  data: no] Stack trace: loadManifestFromFile()@resource://gre/modules/addons/XPIInstall.jsm:925
syncLoadManifestFromFile()@resource://gre/modules/addons/XPIProvider.jsm:940
addMetadata()@resource://gre/modules/addons/XPIProvider.jsm -> resource://gre/modules/addons/XPIProviderUtils.js:1173
processFileChanges()@resource://gre/modules/addons/XPIProvider.jsm -> resource://gre/modules/addons/XPIProviderUtils.js:1529
checkForChanges()@resource://gre/modules/addons/XPIProvider.jsm:3304
startup()@resource://gre/modules/addons/XPIProvider.jsm:2196
callProvider()@resource://gre/modules/AddonManager.jsm:253
_startProvider()@resource://gre/modules/AddonManager.jsm:728
startup()@resource://gre/modules/AddonManager.jsm:892
startup()@resource://gre/modules/AddonManager.jsm:2981
observe()@jar:file:///usr/lib64/firefox/omni.ja!/components/addonManager.js:63
1569516763772	addons.xpi-utils	WARN	Could not uninstall invalid item from locked install location
1569516764518	addons.xpi	WARN	Can't get modified time of /usr/lib64/firefox/browser/features/aushelper@mozilla.org.xpi
1569516764665	Marionette	INFO	Listening on port 38277
1569516764702	Marionette	WARN	TLS certificate errors will be ignored for this session

** (firefox:16653): WARNING **: 22:23:31.957: No marshaller for signature of signal 'PropertiesChanged'
1569516823922	mozrunner::runner	INFO	Running command: "/usr/bin/firefox" "-marionette" "-headless" "-foreground" "-no-remote" "-profile" "/tmp/rust_mozprofileln7Fc6"
*** You are running in headless mode.
1569516824199	addons.xpi	WARN	Can't get modified time of /usr/lib64/firefox/browser/features/aushelper@mozilla.org.xpi
1569516824297	addons.xpi-utils	WARN	addMetadata: Add-on aushelper@mozilla.org is invalid: [Exception... "Component returned failure code: 0x80520006 (NS_ERROR_FILE_TARGET_DOES_NOT_EXIST) [nsIFile.isFile]"  nsresult: "0x80520006 (NS_ERROR_FILE_TARGET_DOES_NOT_EXIST)"  location: "JS frame :: resource://gre/modules/addons/XPIInstall.jsm :: loadManifestFromFile :: line 925"  data: no] Stack trace: loadManifestFromFile()@resource://gre/modules/addons/XPIInstall.jsm:925
syncLoadManifestFromFile()@resource://gre/modules/addons/XPIProvider.jsm:940
addMetadata()@resource://gre/modules/addons/XPIProvider.jsm -> resource://gre/modules/addons/XPIProviderUtils.js:1173
processFileChanges()@resource://gre/modules/addons/XPIProvider.jsm -> resource://gre/modules/addons/XPIProviderUtils.js:1529
checkForChanges()@resource://gre/modules/addons/XPIProvider.jsm:3304
startup()@resource://gre/modules/addons/XPIProvider.jsm:2196
callProvider()@resource://gre/modules/AddonManager.jsm:253
_startProvider()@resource://gre/modules/AddonManager.jsm:728
startup()@resource://gre/modules/AddonManager.jsm:892
startup()@resource://gre/modules/AddonManager.jsm:2981
observe()@jar:file:///usr/lib64/firefox/omni.ja!/components/addonManager.js:63
1569516824298	addons.xpi-utils	WARN	Could not uninstall invalid item from locked install location
1569516825037	addons.xpi	WARN	Can't get modified time of /usr/lib64/firefox/browser/features/aushelper@mozilla.org.xpi
1569516825182	Marionette	INFO	Listening on port 38457
1569516825240	Marionette	WARN	TLS certificate errors will be ignored for this session
*** UTM:SVC TimerManager:registerTimer called after profile-before-change notification. Ignoring timer registration for id: telemetry_modules_ping

** (firefox:17023): WARNING **: 22:24:21.005: No marshaller for signature of signal 'PropertiesChanged'

** (firefox:17410): WARNING **: 22:25:44.525: No marshaller for signature of signal 'PropertiesChanged'
1569517242561	mozrunner::runner	INFO	Running command: "/usr/bin/firefox" "-marionette" "-headless" "-foreground" "-no-remote" "-profile" "/tmp/rust_mozprofile8Elo3r"
*** You are running in headless mode.
1569517242842	addons.xpi	WARN	Can't get modified time of /usr/lib64/firefox/browser/features/aushelper@mozilla.org.xpi
1569517242939	addons.xpi-utils	WARN	addMetadata: Add-on aushelper@mozilla.org is invalid: [Exception... "Component returned failure code: 0x80520006 (NS_ERROR_FILE_TARGET_DOES_NOT_EXIST) [nsIFile.isFile]"  nsresult: "0x80520006 (NS_ERROR_FILE_TARGET_DOES_NOT_EXIST)"  location: "JS frame :: resource://gre/modules/addons/XPIInstall.jsm :: loadManifestFromFile :: line 925"  data: no] Stack trace: loadManifestFromFile()@resource://gre/modules/addons/XPIInstall.jsm:925
syncLoadManifestFromFile()@resource://gre/modules/addons/XPIProvider.jsm:940
addMetadata()@resource://gre/modules/addons/XPIProvider.jsm -> resource://gre/modules/addons/XPIProviderUtils.js:1173
processFileChanges()@resource://gre/modules/addons/XPIProvider.jsm -> resource://gre/modules/addons/XPIProviderUtils.js:1529
checkForChanges()@resource://gre/modules/addons/XPIProvider.jsm:3304
startup()@resource://gre/modules/addons/XPIProvider.jsm:2196
callProvider()@resource://gre/modules/AddonManager.jsm:253
_startProvider()@resource://gre/modules/AddonManager.jsm:728
startup()@resource://gre/modules/AddonManager.jsm:892
startup()@resource://gre/modules/AddonManager.jsm:2981
observe()@jar:file:///usr/lib64/firefox/omni.ja!/components/addonManager.js:63
1569517242940	addons.xpi-utils	WARN	Could not uninstall invalid item from locked install location
1569517243683	addons.xpi	WARN	Can't get modified time of /usr/lib64/firefox/browser/features/aushelper@mozilla.org.xpi
1569517243795	Marionette	INFO	Listening on port 37721
1569517243881	Marionette	WARN	TLS certificate errors will be ignored for this session
1569517299787	mozrunner::runner	INFO	Running command: "/usr/bin/firefox" "-marionette" "-headless" "-foreground" "-no-remote" "-profile" "/tmp/rust_mozprofilejnSlE4"
*** You are running in headless mode.
1569517300063	addons.xpi	WARN	Can't get modified time of /usr/lib64/firefox/browser/features/aushelper@mozilla.org.xpi
1569517300166	addons.xpi-utils	WARN	addMetadata: Add-on aushelper@mozilla.org is invalid: [Exception... "Component returned failure code: 0x80520006 (NS_ERROR_FILE_TARGET_DOES_NOT_EXIST) [nsIFile.isFile]"  nsresult: "0x80520006 (NS_ERROR_FILE_TARGET_DOES_NOT_EXIST)"  location: "JS frame :: resource://gre/modules/addons/XPIInstall.jsm :: loadManifestFromFile :: line 925"  data: no] Stack trace: loadManifestFromFile()@resource://gre/modules/addons/XPIInstall.jsm:925
syncLoadManifestFromFile()@resource://gre/modules/addons/XPIProvider.jsm:940
addMetadata()@resource://gre/modules/addons/XPIProvider.jsm -> resource://gre/modules/addons/XPIProviderUtils.js:1173
processFileChanges()@resource://gre/modules/addons/XPIProvider.jsm -> resource://gre/modules/addons/XPIProviderUtils.js:1529
checkForChanges()@resource://gre/modules/addons/XPIProvider.jsm:3304
startup()@resource://gre/modules/addons/XPIProvider.jsm:2196
callProvider()@resource://gre/modules/AddonManager.jsm:253
_startProvider()@resource://gre/modules/AddonManager.jsm:728
startup()@resource://gre/modules/AddonManager.jsm:892
startup()@resource://gre/modules/AddonManager.jsm:2981
observe()@jar:file:///usr/lib64/firefox/omni.ja!/components/addonManager.js:63
1569517300167	addons.xpi-utils	WARN	Could not uninstall invalid item from locked install location
1569517300907	addons.xpi	WARN	Can't get modified time of /usr/lib64/firefox/browser/features/aushelper@mozilla.org.xpi
1569517301058	Marionette	INFO	Listening on port 41123
1569517301095	Marionette	WARN	TLS certificate errors will be ignored for this session
1569517347548	mozrunner::runner	INFO	Running command: "/usr/bin/firefox" "-marionette" "-headless" "-foreground" "-no-remote" "-profile" "/tmp/rust_mozprofileM4gfLj"
*** You are running in headless mode.
1569517347827	addons.xpi	WARN	Can't get modified time of /usr/lib64/firefox/browser/features/aushelper@mozilla.org.xpi
1569517347928	addons.xpi-utils	WARN	addMetadata: Add-on aushelper@mozilla.org is invalid: [Exception... "Component returned failure code: 0x80520006 (NS_ERROR_FILE_TARGET_DOES_NOT_EXIST) [nsIFile.isFile]"  nsresult: "0x80520006 (NS_ERROR_FILE_TARGET_DOES_NOT_EXIST)"  location: "JS frame :: resource://gre/modules/addons/XPIInstall.jsm :: loadManifestFromFile :: line 925"  data: no] Stack trace: loadManifestFromFile()@resource://gre/modules/addons/XPIInstall.jsm:925
syncLoadManifestFromFile()@resource://gre/modules/addons/XPIProvider.jsm:940
addMetadata()@resource://gre/modules/addons/XPIProvider.jsm -> resource://gre/modules/addons/XPIProviderUtils.js:1173
processFileChanges()@resource://gre/modules/addons/XPIProvider.jsm -> resource://gre/modules/addons/XPIProviderUtils.js:1529
checkForChanges()@resource://gre/modules/addons/XPIProvider.jsm:3304
startup()@resource://gre/modules/addons/XPIProvider.jsm:2196
callProvider()@resource://gre/modules/AddonManager.jsm:253
_startProvider()@resource://gre/modules/AddonManager.jsm:728
startup()@resource://gre/modules/AddonManager.jsm:892
startup()@resource://gre/modules/AddonManager.jsm:2981
observe()@jar:file:///usr/lib64/firefox/omni.ja!/components/addonManager.js:63
1569517347929	addons.xpi-utils	WARN	Could not uninstall invalid item from locked install location
1569517348677	addons.xpi	WARN	Can't get modified time of /usr/lib64/firefox/browser/features/aushelper@mozilla.org.xpi
1569517348790	Marionette	INFO	Listening on port 44207
1569517348859	Marionette	WARN	TLS certificate errors will be ignored for this session
*** UTM:SVC TimerManager:registerTimer called after profile-before-change notification. Ignoring timer registration for id: telemetry_modules_ping

** (firefox:18815): WARNING **: 22:33:43.694: No marshaller for signature of signal 'PropertiesChanged'

** (firefox:19226): WARNING **: 22:34:40.929: No marshaller for signature of signal 'PropertiesChanged'
1569563241883	mozrunner::runner	INFO	Running command: "/usr/bin/firefox" "-marionette" "-headless" "-foreground" "-no-remote" "-profile" "/tmp/rust_mozprofiled7fMnw"
*** You are running in headless mode.
1569563242219	addons.xpi	WARN	Can't get modified time of /usr/lib64/firefox/browser/features/aushelper@mozilla.org.xpi
1569563242354	addons.xpi-utils	WARN	addMetadata: Add-on aushelper@mozilla.org is invalid: [Exception... "Component returned failure code: 0x80520006 (NS_ERROR_FILE_TARGET_DOES_NOT_EXIST) [nsIFile.isFile]"  nsresult: "0x80520006 (NS_ERROR_FILE_TARGET_DOES_NOT_EXIST)"  location: "JS frame :: resource://gre/modules/addons/XPIInstall.jsm :: loadManifestFromFile :: line 925"  data: no] Stack trace: loadManifestFromFile()@resource://gre/modules/addons/XPIInstall.jsm:925
syncLoadManifestFromFile()@resource://gre/modules/addons/XPIProvider.jsm:940
addMetadata()@resource://gre/modules/addons/XPIProvider.jsm -> resource://gre/modules/addons/XPIProviderUtils.js:1173
processFileChanges()@resource://gre/modules/addons/XPIProvider.jsm -> resource://gre/modules/addons/XPIProviderUtils.js:1529
checkForChanges()@resource://gre/modules/addons/XPIProvider.jsm:3304
startup()@resource://gre/modules/addons/XPIProvider.jsm:2196
callProvider()@resource://gre/modules/AddonManager.jsm:253
_startProvider()@resource://gre/modules/AddonManager.jsm:728
startup()@resource://gre/modules/AddonManager.jsm:892
startup()@resource://gre/modules/AddonManager.jsm:2981
observe()@jar:file:///usr/lib64/firefox/omni.ja!/components/addonManager.js:63
1569563242355	addons.xpi-utils	WARN	Could not uninstall invalid item from locked install location
1569563243396	addons.xpi	WARN	Can't get modified time of /usr/lib64/firefox/browser/features/aushelper@mozilla.org.xpi
1569563243537	Marionette	INFO	Listening on port 38559
1569563243593	Marionette	WARN	TLS certificate errors will be ignored for this session
*** UTM:SVC TimerManager:registerTimer called after profile-before-change notification. Ignoring timer registration for id: telemetry_modules_ping
1569563285750	mozrunner::runner	INFO	Running command: "/usr/bin/firefox" "-marionette" "-headless" "-foreground" "-no-remote" "-profile" "/tmp/rust_mozprofile4XtNRq"
*** You are running in headless mode.
1569563286005	addons.xpi	WARN	Can't get modified time of /usr/lib64/firefox/browser/features/aushelper@mozilla.org.xpi
1569563286126	addons.xpi-utils	WARN	addMetadata: Add-on aushelper@mozilla.org is invalid: [Exception... "Component returned failure code: 0x80520006 (NS_ERROR_FILE_TARGET_DOES_NOT_EXIST) [nsIFile.isFile]"  nsresult: "0x80520006 (NS_ERROR_FILE_TARGET_DOES_NOT_EXIST)"  location: "JS frame :: resource://gre/modules/addons/XPIInstall.jsm :: loadManifestFromFile :: line 925"  data: no] Stack trace: loadManifestFromFile()@resource://gre/modules/addons/XPIInstall.jsm:925
syncLoadManifestFromFile()@resource://gre/modules/addons/XPIProvider.jsm:940
addMetadata()@resource://gre/modules/addons/XPIProvider.jsm -> resource://gre/modules/addons/XPIProviderUtils.js:1173
processFileChanges()@resource://gre/modules/addons/XPIProvider.jsm -> resource://gre/modules/addons/XPIProviderUtils.js:1529
checkForChanges()@resource://gre/modules/addons/XPIProvider.jsm:3304
startup()@resource://gre/modules/addons/XPIProvider.jsm:2196
callProvider()@resource://gre/modules/AddonManager.jsm:253
_startProvider()@resource://gre/modules/AddonManager.jsm:728
startup()@resource://gre/modules/AddonManager.jsm:892
startup()@resource://gre/modules/AddonManager.jsm:2981
observe()@jar:file:///usr/lib64/firefox/omni.ja!/components/addonManager.js:63
1569563286127	addons.xpi-utils	WARN	Could not uninstall invalid item from locked install location
1569563287049	addons.xpi	WARN	Can't get modified time of /usr/lib64/firefox/browser/features/aushelper@mozilla.org.xpi
1569563287195	Marionette	INFO	Listening on port 38575
1569563287258	Marionette	WARN	TLS certificate errors will be ignored for this session
1569563330330	mozrunner::runner	INFO	Running command: "/usr/bin/firefox" "-marionette" "-foreground" "-no-remote" "-profile" "/tmp/rust_mozprofileu0MEwf"
1569563330739	addons.xpi	WARN	Can't get modified time of /usr/lib64/firefox/browser/features/aushelper@mozilla.org.xpi
1569563330922	addons.xpi-utils	WARN	addMetadata: Add-on aushelper@mozilla.org is invalid: [Exception... "Component returned failure code: 0x80520006 (NS_ERROR_FILE_TARGET_DOES_NOT_EXIST) [nsIFile.isFile]"  nsresult: "0x80520006 (NS_ERROR_FILE_TARGET_DOES_NOT_EXIST)"  location: "JS frame :: resource://gre/modules/addons/XPIInstall.jsm :: loadManifestFromFile :: line 925"  data: no] Stack trace: loadManifestFromFile()@resource://gre/modules/addons/XPIInstall.jsm:925
syncLoadManifestFromFile()@resource://gre/modules/addons/XPIProvider.jsm:940
addMetadata()@resource://gre/modules/addons/XPIProvider.jsm -> resource://gre/modules/addons/XPIProviderUtils.js:1173
processFileChanges()@resource://gre/modules/addons/XPIProvider.jsm -> resource://gre/modules/addons/XPIProviderUtils.js:1529
checkForChanges()@resource://gre/modules/addons/XPIProvider.jsm:3304
startup()@resource://gre/modules/addons/XPIProvider.jsm:2196
callProvider()@resource://gre/modules/AddonManager.jsm:253
_startProvider()@resource://gre/modules/AddonManager.jsm:728
startup()@resource://gre/modules/AddonManager.jsm:892
startup()@resource://gre/modules/AddonManager.jsm:2981
observe()@jar:file:///usr/lib64/firefox/omni.ja!/components/addonManager.js:63
1569563330923	addons.xpi-utils	WARN	Could not uninstall invalid item from locked install location
1569563332673	addons.xpi	WARN	Can't get modified time of /usr/lib64/firefox/browser/features/aushelper@mozilla.org.xpi
1569563332887	Marionette	INFO	Listening on port 37043
1569563332953	Marionette	WARN	TLS certificate errors will be ignored for this session
1569563375419	mozrunner::runner	INFO	Running command: "/usr/bin/firefox" "-marionette" "-foreground" "-no-remote" "-profile" "/tmp/rust_mozprofilepYN2nl"
1569563375803	addons.xpi	WARN	Can't get modified time of /usr/lib64/firefox/browser/features/aushelper@mozilla.org.xpi
1569563375954	addons.xpi-utils	WARN	addMetadata: Add-on aushelper@mozilla.org is invalid: [Exception... "Component returned failure code: 0x80520006 (NS_ERROR_FILE_TARGET_DOES_NOT_EXIST) [nsIFile.isFile]"  nsresult: "0x80520006 (NS_ERROR_FILE_TARGET_DOES_NOT_EXIST)"  location: "JS frame :: resource://gre/modules/addons/XPIInstall.jsm :: loadManifestFromFile :: line 925"  data: no] Stack trace: loadManifestFromFile()@resource://gre/modules/addons/XPIInstall.jsm:925
syncLoadManifestFromFile()@resource://gre/modules/addons/XPIProvider.jsm:940
addMetadata()@resource://gre/modules/addons/XPIProvider.jsm -> resource://gre/modules/addons/XPIProviderUtils.js:1173
processFileChanges()@resource://gre/modules/addons/XPIProvider.jsm -> resource://gre/modules/addons/XPIProviderUtils.js:1529
checkForChanges()@resource://gre/modules/addons/XPIProvider.jsm:3304
startup()@resource://gre/modules/addons/XPIProvider.jsm:2196
callProvider()@resource://gre/modules/AddonManager.jsm:253
_startProvider()@resource://gre/modules/AddonManager.jsm:728
startup()@resource://gre/modules/AddonManager.jsm:892
startup()@resource://gre/modules/AddonManager.jsm:2981
observe()@jar:file:///usr/lib64/firefox/omni.ja!/components/addonManager.js:63
1569563375955	addons.xpi-utils	WARN	Could not uninstall invalid item from locked install location
1569563377218	addons.xpi	WARN	Can't get modified time of /usr/lib64/firefox/browser/features/aushelper@mozilla.org.xpi
1569563377403	Marionette	INFO	Listening on port 46863
1569563377432	Marionette	WARN	TLS certificate errors will be ignored for this session
1569563425625	mozrunner::runner	INFO	Running command: "/usr/bin/firefox" "-marionette" "-foreground" "-no-remote" "-profile" "/tmp/rust_mozprofile1lb5e4"
1569563425990	addons.xpi	WARN	Can't get modified time of /usr/lib64/firefox/browser/features/aushelper@mozilla.org.xpi
1569563426120	addons.xpi-utils	WARN	addMetadata: Add-on aushelper@mozilla.org is invalid: [Exception... "Component returned failure code: 0x80520006 (NS_ERROR_FILE_TARGET_DOES_NOT_EXIST) [nsIFile.isFile]"  nsresult: "0x80520006 (NS_ERROR_FILE_TARGET_DOES_NOT_EXIST)"  location: "JS frame :: resource://gre/modules/addons/XPIInstall.jsm :: loadManifestFromFile :: line 925"  data: no] Stack trace: loadManifestFromFile()@resource://gre/modules/addons/XPIInstall.jsm:925
syncLoadManifestFromFile()@resource://gre/modules/addons/XPIProvider.jsm:940
addMetadata()@resource://gre/modules/addons/XPIProvider.jsm -> resource://gre/modules/addons/XPIProviderUtils.js:1173
processFileChanges()@resource://gre/modules/addons/XPIProvider.jsm -> resource://gre/modules/addons/XPIProviderUtils.js:1529
checkForChanges()@resource://gre/modules/addons/XPIProvider.jsm:3304
startup()@resource://gre/modules/addons/XPIProvider.jsm:2196
callProvider()@resource://gre/modules/AddonManager.jsm:253
_startProvider()@resource://gre/modules/AddonManager.jsm:728
startup()@resource://gre/modules/AddonManager.jsm:892
startup()@resource://gre/modules/AddonManager.jsm:2981
observe()@jar:file:///usr/lib64/firefox/omni.ja!/components/addonManager.js:63
1569563426120	addons.xpi-utils	WARN	Could not uninstall invalid item from locked install location
1569563427502	addons.xpi	WARN	Can't get modified time of /usr/lib64/firefox/browser/features/aushelper@mozilla.org.xpi
1569563427695	Marionette	INFO	Listening on port 44359
1569563427737	Marionette	WARN	TLS certificate errors will be ignored for this session
1569563486987	mozrunner::runner	INFO	Running command: "/usr/bin/firefox" "-marionette" "-foreground" "-no-remote" "-profile" "/tmp/rust_mozprofilerDrJ1Y"
1569563487491	addons.xpi	WARN	Can't get modified time of /usr/lib64/firefox/browser/features/aushelper@mozilla.org.xpi
1569563487643	addons.xpi-utils	WARN	addMetadata: Add-on aushelper@mozilla.org is invalid: [Exception... "Component returned failure code: 0x80520006 (NS_ERROR_FILE_TARGET_DOES_NOT_EXIST) [nsIFile.isFile]"  nsresult: "0x80520006 (NS_ERROR_FILE_TARGET_DOES_NOT_EXIST)"  location: "JS frame :: resource://gre/modules/addons/XPIInstall.jsm :: loadManifestFromFile :: line 925"  data: no] Stack trace: loadManifestFromFile()@resource://gre/modules/addons/XPIInstall.jsm:925
syncLoadManifestFromFile()@resource://gre/modules/addons/XPIProvider.jsm:940
addMetadata()@resource://gre/modules/addons/XPIProvider.jsm -> resource://gre/modules/addons/XPIProviderUtils.js:1173
processFileChanges()@resource://gre/modules/addons/XPIProvider.jsm -> resource://gre/modules/addons/XPIProviderUtils.js:1529
checkForChanges()@resource://gre/modules/addons/XPIProvider.jsm:3304
startup()@resource://gre/modules/addons/XPIProvider.jsm:2196
callProvider()@resource://gre/modules/AddonManager.jsm:253
_startProvider()@resource://gre/modules/AddonManager.jsm:728
startup()@resource://gre/modules/AddonManager.jsm:892
startup()@resource://gre/modules/AddonManager.jsm:2981
observe()@jar:file:///usr/lib64/firefox/omni.ja!/components/addonManager.js:63
1569563487644	addons.xpi-utils	WARN	Could not uninstall invalid item from locked install location
1569563489037	addons.xpi	WARN	Can't get modified time of /usr/lib64/firefox/browser/features/aushelper@mozilla.org.xpi
1569563489212	Marionette	INFO	Listening on port 40637
1569563489300	Marionette	WARN	TLS certificate errors will be ignored for this session
*** UTM:SVC TimerManager:registerTimer called after profile-before-change notification. Ignoring timer registration for id: telemetry_modules_ping
1569563686012	mozrunner::runner	INFO	Running command: "/usr/bin/firefox" "-marionette" "-foreground" "-no-remote" "-profile" "/tmp/rust_mozprofileOnRV7N"
1569563686299	addons.xpi	WARN	Can't get modified time of /usr/lib64/firefox/browser/features/aushelper@mozilla.org.xpi
1569563686414	addons.xpi-utils	WARN	addMetadata: Add-on aushelper@mozilla.org is invalid: [Exception... "Component returned failure code: 0x80520006 (NS_ERROR_FILE_TARGET_DOES_NOT_EXIST) [nsIFile.isFile]"  nsresult: "0x80520006 (NS_ERROR_FILE_TARGET_DOES_NOT_EXIST)"  location: "JS frame :: resource://gre/modules/addons/XPIInstall.jsm :: loadManifestFromFile :: line 925"  data: no] Stack trace: loadManifestFromFile()@resource://gre/modules/addons/XPIInstall.jsm:925
syncLoadManifestFromFile()@resource://gre/modules/addons/XPIProvider.jsm:940
addMetadata()@resource://gre/modules/addons/XPIProvider.jsm -> resource://gre/modules/addons/XPIProviderUtils.js:1173
processFileChanges()@resource://gre/modules/addons/XPIProvider.jsm -> resource://gre/modules/addons/XPIProviderUtils.js:1529
checkForChanges()@resource://gre/modules/addons/XPIProvider.jsm:3304
startup()@resource://gre/modules/addons/XPIProvider.jsm:2196
callProvider()@resource://gre/modules/AddonManager.jsm:253
_startProvider()@resource://gre/modules/AddonManager.jsm:728
startup()@resource://gre/modules/AddonManager.jsm:892
startup()@resource://gre/modules/AddonManager.jsm:2981
observe()@jar:file:///usr/lib64/firefox/omni.ja!/components/addonManager.js:63
1569563686415	addons.xpi-utils	WARN	Could not uninstall invalid item from locked install location
1569563687502	addons.xpi	WARN	Can't get modified time of /usr/lib64/firefox/browser/features/aushelper@mozilla.org.xpi
1569563687638	Marionette	INFO	Listening on port 39369
1569563687722	Marionette	WARN	TLS certificate errors will be ignored for this session
1569563717857	mozrunner::runner	INFO	Running command: "/usr/bin/firefox" "-marionette" "-foreground" "-no-remote" "-profile" "/tmp/rust_mozprofilewZxbNr"
1569563718168	addons.xpi	WARN	Can't get modified time of /usr/lib64/firefox/browser/features/aushelper@mozilla.org.xpi
1569563718284	addons.xpi-utils	WARN	addMetadata: Add-on aushelper@mozilla.org is invalid: [Exception... "Component returned failure code: 0x80520006 (NS_ERROR_FILE_TARGET_DOES_NOT_EXIST) [nsIFile.isFile]"  nsresult: "0x80520006 (NS_ERROR_FILE_TARGET_DOES_NOT_EXIST)"  location: "JS frame :: resource://gre/modules/addons/XPIInstall.jsm :: loadManifestFromFile :: line 925"  data: no] Stack trace: loadManifestFromFile()@resource://gre/modules/addons/XPIInstall.jsm:925
syncLoadManifestFromFile()@resource://gre/modules/addons/XPIProvider.jsm:940
addMetadata()@resource://gre/modules/addons/XPIProvider.jsm -> resource://gre/modules/addons/XPIProviderUtils.js:1173
processFileChanges()@resource://gre/modules/addons/XPIProvider.jsm -> resource://gre/modules/addons/XPIProviderUtils.js:1529
checkForChanges()@resource://gre/modules/addons/XPIProvider.jsm:3304
startup()@resource://gre/modules/addons/XPIProvider.jsm:2196
callProvider()@resource://gre/modules/AddonManager.jsm:253
_startProvider()@resource://gre/modules/AddonManager.jsm:728
startup()@resource://gre/modules/AddonManager.jsm:892
startup()@resource://gre/modules/AddonManager.jsm:2981
observe()@jar:file:///usr/lib64/firefox/omni.ja!/components/addonManager.js:63
1569563718285	addons.xpi-utils	WARN	Could not uninstall invalid item from locked install location
1569563719455	addons.xpi	WARN	Can't get modified time of /usr/lib64/firefox/browser/features/aushelper@mozilla.org.xpi
1569563719594	Marionette	INFO	Listening on port 38841
1569563719665	Marionette	WARN	TLS certificate errors will be ignored for this session
1569564441212	mozrunner::runner	INFO	Running command: "/usr/bin/firefox" "-marionette" "-foreground" "-no-remote" "-profile" "/tmp/rust_mozprofileBU3A6e"
1569564441557	addons.xpi	WARN	Can't get modified time of /usr/lib64/firefox/browser/features/aushelper@mozilla.org.xpi
1569564441689	addons.xpi-utils	WARN	addMetadata: Add-on aushelper@mozilla.org is invalid: [Exception... "Component returned failure code: 0x80520006 (NS_ERROR_FILE_TARGET_DOES_NOT_EXIST) [nsIFile.isFile]"  nsresult: "0x80520006 (NS_ERROR_FILE_TARGET_DOES_NOT_EXIST)"  location: "JS frame :: resource://gre/modules/addons/XPIInstall.jsm :: loadManifestFromFile :: line 925"  data: no] Stack trace: loadManifestFromFile()@resource://gre/modules/addons/XPIInstall.jsm:925
syncLoadManifestFromFile()@resource://gre/modules/addons/XPIProvider.jsm:940
addMetadata()@resource://gre/modules/addons/XPIProvider.jsm -> resource://gre/modules/addons/XPIProviderUtils.js:1173
processFileChanges()@resource://gre/modules/addons/XPIProvider.jsm -> resource://gre/modules/addons/XPIProviderUtils.js:1529
checkForChanges()@resource://gre/modules/addons/XPIProvider.jsm:3304
startup()@resource://gre/modules/addons/XPIProvider.jsm:2196
callProvider()@resource://gre/modules/AddonManager.jsm:253
_startProvider()@resource://gre/modules/AddonManager.jsm:728
startup()@resource://gre/modules/AddonManager.jsm:892
startup()@resource://gre/modules/AddonManager.jsm:2981
observe()@jar:file:///usr/lib64/firefox/omni.ja!/components/addonManager.js:63
1569564441690	addons.xpi-utils	WARN	Could not uninstall invalid item from locked install location
1569564443057	addons.xpi	WARN	Can't get modified time of /usr/lib64/firefox/browser/features/aushelper@mozilla.org.xpi
1569564443264	Marionette	INFO	Listening on port 39631
1569564443336	Marionette	WARN	TLS certificate errors will be ignored for this session
1569564476038	mozrunner::runner	INFO	Running command: "/usr/bin/firefox" "-marionette" "-foreground" "-no-remote" "-profile" "/tmp/rust_mozprofileFfajW7"
1569564476358	addons.xpi	WARN	Can't get modified time of /usr/lib64/firefox/browser/features/aushelper@mozilla.org.xpi
1569564476479	addons.xpi-utils	WARN	addMetadata: Add-on aushelper@mozilla.org is invalid: [Exception... "Component returned failure code: 0x80520006 (NS_ERROR_FILE_TARGET_DOES_NOT_EXIST) [nsIFile.isFile]"  nsresult: "0x80520006 (NS_ERROR_FILE_TARGET_DOES_NOT_EXIST)"  location: "JS frame :: resource://gre/modules/addons/XPIInstall.jsm :: loadManifestFromFile :: line 925"  data: no] Stack trace: loadManifestFromFile()@resource://gre/modules/addons/XPIInstall.jsm:925
syncLoadManifestFromFile()@resource://gre/modules/addons/XPIProvider.jsm:940
addMetadata()@resource://gre/modules/addons/XPIProvider.jsm -> resource://gre/modules/addons/XPIProviderUtils.js:1173
processFileChanges()@resource://gre/modules/addons/XPIProvider.jsm -> resource://gre/modules/addons/XPIProviderUtils.js:1529
checkForChanges()@resource://gre/modules/addons/XPIProvider.jsm:3304
startup()@resource://gre/modules/addons/XPIProvider.jsm:2196
callProvider()@resource://gre/modules/AddonManager.jsm:253
_startProvider()@resource://gre/modules/AddonManager.jsm:728
startup()@resource://gre/modules/AddonManager.jsm:892
startup()@resource://gre/modules/AddonManager.jsm:2981
observe()@jar:file:///usr/lib64/firefox/omni.ja!/components/addonManager.js:63
1569564476480	addons.xpi-utils	WARN	Could not uninstall invalid item from locked install location
1569564477588	addons.xpi	WARN	Can't get modified time of /usr/lib64/firefox/browser/features/aushelper@mozilla.org.xpi
1569564477783	Marionette	INFO	Listening on port 45071
1569564477849	Marionette	WARN	TLS certificate errors will be ignored for this session
1569565407833	mozrunner::runner	INFO	Running command: "/usr/bin/firefox" "-marionette" "-foreground" "-no-remote" "-profile" "/tmp/rust_mozprofiledEjlU3"
1569565408107	addons.xpi	WARN	Can't get modified time of /usr/lib64/firefox/browser/features/aushelper@mozilla.org.xpi
1569565408206	addons.xpi-utils	WARN	addMetadata: Add-on aushelper@mozilla.org is invalid: [Exception... "Component returned failure code: 0x80520006 (NS_ERROR_FILE_TARGET_DOES_NOT_EXIST) [nsIFile.isFile]"  nsresult: "0x80520006 (NS_ERROR_FILE_TARGET_DOES_NOT_EXIST)"  location: "JS frame :: resource://gre/modules/addons/XPIInstall.jsm :: loadManifestFromFile :: line 925"  data: no] Stack trace: loadManifestFromFile()@resource://gre/modules/addons/XPIInstall.jsm:925
syncLoadManifestFromFile()@resource://gre/modules/addons/XPIProvider.jsm:940
addMetadata()@resource://gre/modules/addons/XPIProvider.jsm -> resource://gre/modules/addons/XPIProviderUtils.js:1173
processFileChanges()@resource://gre/modules/addons/XPIProvider.jsm -> resource://gre/modules/addons/XPIProviderUtils.js:1529
checkForChanges()@resource://gre/modules/addons/XPIProvider.jsm:3304
startup()@resource://gre/modules/addons/XPIProvider.jsm:2196
callProvider()@resource://gre/modules/AddonManager.jsm:253
_startProvider()@resource://gre/modules/AddonManager.jsm:728
startup()@resource://gre/modules/AddonManager.jsm:892
startup()@resource://gre/modules/AddonManager.jsm:2981
observe()@jar:file:///usr/lib64/firefox/omni.ja!/components/addonManager.js:63
1569565408207	addons.xpi-utils	WARN	Could not uninstall invalid item from locked install location
1569565409196	addons.xpi	WARN	Can't get modified time of /usr/lib64/firefox/browser/features/aushelper@mozilla.org.xpi
1569565409312	Marionette	INFO	Listening on port 32927
1569565409345	Marionette	WARN	TLS certificate errors will be ignored for this session
1569565465991	mozrunner::runner	INFO	Running command: "/usr/bin/firefox" "-marionette" "-foreground" "-no-remote" "-profile" "/tmp/rust_mozprofileL0AE8Y"
1569565466295	addons.xpi	WARN	Can't get modified time of /usr/lib64/firefox/browser/features/aushelper@mozilla.org.xpi
1569565466413	addons.xpi-utils	WARN	addMetadata: Add-on aushelper@mozilla.org is invalid: [Exception... "Component returned failure code: 0x80520006 (NS_ERROR_FILE_TARGET_DOES_NOT_EXIST) [nsIFile.isFile]"  nsresult: "0x80520006 (NS_ERROR_FILE_TARGET_DOES_NOT_EXIST)"  location: "JS frame :: resource://gre/modules/addons/XPIInstall.jsm :: loadManifestFromFile :: line 925"  data: no] Stack trace: loadManifestFromFile()@resource://gre/modules/addons/XPIInstall.jsm:925
syncLoadManifestFromFile()@resource://gre/modules/addons/XPIProvider.jsm:940
addMetadata()@resource://gre/modules/addons/XPIProvider.jsm -> resource://gre/modules/addons/XPIProviderUtils.js:1173
processFileChanges()@resource://gre/modules/addons/XPIProvider.jsm -> resource://gre/modules/addons/XPIProviderUtils.js:1529
checkForChanges()@resource://gre/modules/addons/XPIProvider.jsm:3304
startup()@resource://gre/modules/addons/XPIProvider.jsm:2196
callProvider()@resource://gre/modules/AddonManager.jsm:253
_startProvider()@resource://gre/modules/AddonManager.jsm:728
startup()@resource://gre/modules/AddonManager.jsm:892
startup()@resource://gre/modules/AddonManager.jsm:2981
observe()@jar:file:///usr/lib64/firefox/omni.ja!/components/addonManager.js:63
1569565466414	addons.xpi-utils	WARN	Could not uninstall invalid item from locked install location
1569565467500	addons.xpi	WARN	Can't get modified time of /usr/lib64/firefox/browser/features/aushelper@mozilla.org.xpi
1569565467631	Marionette	INFO	Listening on port 39537
1569565467699	Marionette	WARN	TLS certificate errors will be ignored for this session
1569565556926	mozrunner::runner	INFO	Running command: "/usr/bin/firefox" "-marionette" "-foreground" "-no-remote" "-profile" "/tmp/rust_mozprofileegDYqY"
1569565557256	addons.xpi	WARN	Can't get modified time of /usr/lib64/firefox/browser/features/aushelper@mozilla.org.xpi
1569565557370	addons.xpi-utils	WARN	addMetadata: Add-on aushelper@mozilla.org is invalid: [Exception... "Component returned failure code: 0x80520006 (NS_ERROR_FILE_TARGET_DOES_NOT_EXIST) [nsIFile.isFile]"  nsresult: "0x80520006 (NS_ERROR_FILE_TARGET_DOES_NOT_EXIST)"  location: "JS frame :: resource://gre/modules/addons/XPIInstall.jsm :: loadManifestFromFile :: line 925"  data: no] Stack trace: loadManifestFromFile()@resource://gre/modules/addons/XPIInstall.jsm:925
syncLoadManifestFromFile()@resource://gre/modules/addons/XPIProvider.jsm:940
addMetadata()@resource://gre/modules/addons/XPIProvider.jsm -> resource://gre/modules/addons/XPIProviderUtils.js:1173
processFileChanges()@resource://gre/modules/addons/XPIProvider.jsm -> resource://gre/modules/addons/XPIProviderUtils.js:1529
checkForChanges()@resource://gre/modules/addons/XPIProvider.jsm:3304
startup()@resource://gre/modules/addons/XPIProvider.jsm:2196
callProvider()@resource://gre/modules/AddonManager.jsm:253
_startProvider()@resource://gre/modules/AddonManager.jsm:728
startup()@resource://gre/modules/AddonManager.jsm:892
startup()@resource://gre/modules/AddonManager.jsm:2981
observe()@jar:file:///usr/lib64/firefox/omni.ja!/components/addonManager.js:63
1569565557371	addons.xpi-utils	WARN	Could not uninstall invalid item from locked install location
1569565558575	addons.xpi	WARN	Can't get modified time of /usr/lib64/firefox/browser/features/aushelper@mozilla.org.xpi
1569565558711	Marionette	INFO	Listening on port 32959
1569565558738	Marionette	WARN	TLS certificate errors will be ignored for this session
1569566027033	mozrunner::runner	INFO	Running command: "/usr/bin/firefox" "-marionette" "-foreground" "-no-remote" "-profile" "/tmp/rust_mozprofileHUglz3"
1569566027315	addons.xpi	WARN	Can't get modified time of /usr/lib64/firefox/browser/features/aushelper@mozilla.org.xpi
1569566027422	addons.xpi-utils	WARN	addMetadata: Add-on aushelper@mozilla.org is invalid: [Exception... "Component returned failure code: 0x80520006 (NS_ERROR_FILE_TARGET_DOES_NOT_EXIST) [nsIFile.isFile]"  nsresult: "0x80520006 (NS_ERROR_FILE_TARGET_DOES_NOT_EXIST)"  location: "JS frame :: resource://gre/modules/addons/XPIInstall.jsm :: loadManifestFromFile :: line 925"  data: no] Stack trace: loadManifestFromFile()@resource://gre/modules/addons/XPIInstall.jsm:925
syncLoadManifestFromFile()@resource://gre/modules/addons/XPIProvider.jsm:940
addMetadata()@resource://gre/modules/addons/XPIProvider.jsm -> resource://gre/modules/addons/XPIProviderUtils.js:1173
processFileChanges()@resource://gre/modules/addons/XPIProvider.jsm -> resource://gre/modules/addons/XPIProviderUtils.js:1529
checkForChanges()@resource://gre/modules/addons/XPIProvider.jsm:3304
startup()@resource://gre/modules/addons/XPIProvider.jsm:2196
callProvider()@resource://gre/modules/AddonManager.jsm:253
_startProvider()@resource://gre/modules/AddonManager.jsm:728
startup()@resource://gre/modules/AddonManager.jsm:892
startup()@resource://gre/modules/AddonManager.jsm:2981
observe()@jar:file:///usr/lib64/firefox/omni.ja!/components/addonManager.js:63
1569566027423	addons.xpi-utils	WARN	Could not uninstall invalid item from locked install location
1569566028487	addons.xpi	WARN	Can't get modified time of /usr/lib64/firefox/browser/features/aushelper@mozilla.org.xpi
1569566028691	Marionette	INFO	Listening on port 44679
1569566028752	Marionette	WARN	TLS certificate errors will be ignored for this session
1569566874867	mozrunner::runner	INFO	Running command: "/usr/bin/firefox" "-marionette" "-headless" "-foreground" "-no-remote" "-profile" "/tmp/rust_mozprofile0SowGu"
*** You are running in headless mode.
1569566875110	addons.xpi	WARN	Can't get modified time of /usr/lib64/firefox/browser/features/aushelper@mozilla.org.xpi
1569566875209	addons.xpi-utils	WARN	addMetadata: Add-on aushelper@mozilla.org is invalid: [Exception... "Component returned failure code: 0x80520006 (NS_ERROR_FILE_TARGET_DOES_NOT_EXIST) [nsIFile.isFile]"  nsresult: "0x80520006 (NS_ERROR_FILE_TARGET_DOES_NOT_EXIST)"  location: "JS frame :: resource://gre/modules/addons/XPIInstall.jsm :: loadManifestFromFile :: line 925"  data: no] Stack trace: loadManifestFromFile()@resource://gre/modules/addons/XPIInstall.jsm:925
syncLoadManifestFromFile()@resource://gre/modules/addons/XPIProvider.jsm:940
addMetadata()@resource://gre/modules/addons/XPIProvider.jsm -> resource://gre/modules/addons/XPIProviderUtils.js:1173
processFileChanges()@resource://gre/modules/addons/XPIProvider.jsm -> resource://gre/modules/addons/XPIProviderUtils.js:1529
checkForChanges()@resource://gre/modules/addons/XPIProvider.jsm:3304
startup()@resource://gre/modules/addons/XPIProvider.jsm:2196
callProvider()@resource://gre/modules/AddonManager.jsm:253
_startProvider()@resource://gre/modules/AddonManager.jsm:728
startup()@resource://gre/modules/AddonManager.jsm:892
startup()@resource://gre/modules/AddonManager.jsm:2981
observe()@jar:file:///usr/lib64/firefox/omni.ja!/components/addonManager.js:63
1569566875210	addons.xpi-utils	WARN	Could not uninstall invalid item from locked install location
1569566875959	addons.xpi	WARN	Can't get modified time of /usr/lib64/firefox/browser/features/aushelper@mozilla.org.xpi
1569566876106	Marionette	INFO	Listening on port 43617
1569566876172	Marionette	WARN	TLS certificate errors will be ignored for this session
1569566935252	mozrunner::runner	INFO	Running command: "/usr/bin/firefox" "-marionette" "-foreground" "-no-remote" "-profile" "/tmp/rust_mozprofileTSFZfi"
1569566935809	addons.xpi	WARN	Can't get modified time of /usr/lib64/firefox/browser/features/aushelper@mozilla.org.xpi
1569566936028	addons.xpi-utils	WARN	addMetadata: Add-on aushelper@mozilla.org is invalid: [Exception... "Component returned failure code: 0x80520006 (NS_ERROR_FILE_TARGET_DOES_NOT_EXIST) [nsIFile.isFile]"  nsresult: "0x80520006 (NS_ERROR_FILE_TARGET_DOES_NOT_EXIST)"  location: "JS frame :: resource://gre/modules/addons/XPIInstall.jsm :: loadManifestFromFile :: line 925"  data: no] Stack trace: loadManifestFromFile()@resource://gre/modules/addons/XPIInstall.jsm:925
syncLoadManifestFromFile()@resource://gre/modules/addons/XPIProvider.jsm:940
addMetadata()@resource://gre/modules/addons/XPIProvider.jsm -> resource://gre/modules/addons/XPIProviderUtils.js:1173
processFileChanges()@resource://gre/modules/addons/XPIProvider.jsm -> resource://gre/modules/addons/XPIProviderUtils.js:1529
checkForChanges()@resource://gre/modules/addons/XPIProvider.jsm:3304
startup()@resource://gre/modules/addons/XPIProvider.jsm:2196
callProvider()@resource://gre/modules/AddonManager.jsm:253
_startProvider()@resource://gre/modules/AddonManager.jsm:728
startup()@resource://gre/modules/AddonManager.jsm:892
startup()@resource://gre/modules/AddonManager.jsm:2981
observe()@jar:file:///usr/lib64/firefox/omni.ja!/components/addonManager.js:63
1569566936029	addons.xpi-utils	WARN	Could not uninstall invalid item from locked install location
1569566937920	addons.xpi	WARN	Can't get modified time of /usr/lib64/firefox/browser/features/aushelper@mozilla.org.xpi
1569566938123	Marionette	INFO	Listening on port 46623
1569566938200	Marionette	WARN	TLS certificate errors will be ignored for this session
*** UTM:SVC TimerManager:registerTimer called after profile-before-change notification. Ignoring timer registration for id: telemetry_modules_ping
1569566977281	mozrunner::runner	INFO	Running command: "/usr/bin/firefox" "-marionette" "-foreground" "-no-remote" "-profile" "/tmp/rust_mozprofile5K0164"
1569566977610	addons.xpi	WARN	Can't get modified time of /usr/lib64/firefox/browser/features/aushelper@mozilla.org.xpi
1569566977750	addons.xpi-utils	WARN	addMetadata: Add-on aushelper@mozilla.org is invalid: [Exception... "Component returned failure code: 0x80520006 (NS_ERROR_FILE_TARGET_DOES_NOT_EXIST) [nsIFile.isFile]"  nsresult: "0x80520006 (NS_ERROR_FILE_TARGET_DOES_NOT_EXIST)"  location: "JS frame :: resource://gre/modules/addons/XPIInstall.jsm :: loadManifestFromFile :: line 925"  data: no] Stack trace: loadManifestFromFile()@resource://gre/modules/addons/XPIInstall.jsm:925
syncLoadManifestFromFile()@resource://gre/modules/addons/XPIProvider.jsm:940
addMetadata()@resource://gre/modules/addons/XPIProvider.jsm -> resource://gre/modules/addons/XPIProviderUtils.js:1173
processFileChanges()@resource://gre/modules/addons/XPIProvider.jsm -> resource://gre/modules/addons/XPIProviderUtils.js:1529
checkForChanges()@resource://gre/modules/addons/XPIProvider.jsm:3304
startup()@resource://gre/modules/addons/XPIProvider.jsm:2196
callProvider()@resource://gre/modules/AddonManager.jsm:253
_startProvider()@resource://gre/modules/AddonManager.jsm:728
startup()@resource://gre/modules/AddonManager.jsm:892
startup()@resource://gre/modules/AddonManager.jsm:2981
observe()@jar:file:///usr/lib64/firefox/omni.ja!/components/addonManager.js:63
1569566977751	addons.xpi-utils	WARN	Could not uninstall invalid item from locked install location
1569566978939	addons.xpi	WARN	Can't get modified time of /usr/lib64/firefox/browser/features/aushelper@mozilla.org.xpi
1569566979132	Marionette	INFO	Listening on port 41587
1569566979194	Marionette	WARN	TLS certificate errors will be ignored for this session
1569567047560	mozrunner::runner	INFO	Running command: "/usr/bin/firefox" "-marionette" "-foreground" "-no-remote" "-profile" "/tmp/rust_mozprofilehG9Pqq"
1569567047832	addons.xpi	WARN	Can't get modified time of /usr/lib64/firefox/browser/features/aushelper@mozilla.org.xpi
1569567047939	addons.xpi-utils	WARN	addMetadata: Add-on aushelper@mozilla.org is invalid: [Exception... "Component returned failure code: 0x80520006 (NS_ERROR_FILE_TARGET_DOES_NOT_EXIST) [nsIFile.isFile]"  nsresult: "0x80520006 (NS_ERROR_FILE_TARGET_DOES_NOT_EXIST)"  location: "JS frame :: resource://gre/modules/addons/XPIInstall.jsm :: loadManifestFromFile :: line 925"  data: no] Stack trace: loadManifestFromFile()@resource://gre/modules/addons/XPIInstall.jsm:925
syncLoadManifestFromFile()@resource://gre/modules/addons/XPIProvider.jsm:940
addMetadata()@resource://gre/modules/addons/XPIProvider.jsm -> resource://gre/modules/addons/XPIProviderUtils.js:1173
processFileChanges()@resource://gre/modules/addons/XPIProvider.jsm -> resource://gre/modules/addons/XPIProviderUtils.js:1529
checkForChanges()@resource://gre/modules/addons/XPIProvider.jsm:3304
startup()@resource://gre/modules/addons/XPIProvider.jsm:2196
callProvider()@resource://gre/modules/AddonManager.jsm:253
_startProvider()@resource://gre/modules/AddonManager.jsm:728
startup()@resource://gre/modules/AddonManager.jsm:892
startup()@resource://gre/modules/AddonManager.jsm:2981
observe()@jar:file:///usr/lib64/firefox/omni.ja!/components/addonManager.js:63
1569567047940	addons.xpi-utils	WARN	Could not uninstall invalid item from locked install location
1569567048932	addons.xpi	WARN	Can't get modified time of /usr/lib64/firefox/browser/features/aushelper@mozilla.org.xpi
1569567049050	Marionette	INFO	Listening on port 37263
1569567049073	Marionette	WARN	TLS certificate errors will be ignored for this session
*** UTM:SVC TimerManager:registerTimer called after profile-before-change notification. Ignoring timer registration for id: telemetry_modules_ping
1569567142342	mozrunner::runner	INFO	Running command: "/usr/bin/firefox" "-marionette" "-foreground" "-no-remote" "-profile" "/tmp/rust_mozprofileqQYmtm"
1569567142626	addons.xpi	WARN	Can't get modified time of /usr/lib64/firefox/browser/features/aushelper@mozilla.org.xpi
1569567142733	addons.xpi-utils	WARN	addMetadata: Add-on aushelper@mozilla.org is invalid: [Exception... "Component returned failure code: 0x80520006 (NS_ERROR_FILE_TARGET_DOES_NOT_EXIST) [nsIFile.isFile]"  nsresult: "0x80520006 (NS_ERROR_FILE_TARGET_DOES_NOT_EXIST)"  location: "JS frame :: resource://gre/modules/addons/XPIInstall.jsm :: loadManifestFromFile :: line 925"  data: no] Stack trace: loadManifestFromFile()@resource://gre/modules/addons/XPIInstall.jsm:925
syncLoadManifestFromFile()@resource://gre/modules/addons/XPIProvider.jsm:940
addMetadata()@resource://gre/modules/addons/XPIProvider.jsm -> resource://gre/modules/addons/XPIProviderUtils.js:1173
processFileChanges()@resource://gre/modules/addons/XPIProvider.jsm -> resource://gre/modules/addons/XPIProviderUtils.js:1529
checkForChanges()@resource://gre/modules/addons/XPIProvider.jsm:3304
startup()@resource://gre/modules/addons/XPIProvider.jsm:2196
callProvider()@resource://gre/modules/AddonManager.jsm:253
_startProvider()@resource://gre/modules/AddonManager.jsm:728
startup()@resource://gre/modules/AddonManager.jsm:892
startup()@resource://gre/modules/AddonManager.jsm:2981
observe()@jar:file:///usr/lib64/firefox/omni.ja!/components/addonManager.js:63
1569567142734	addons.xpi-utils	WARN	Could not uninstall invalid item from locked install location
1569567143748	addons.xpi	WARN	Can't get modified time of /usr/lib64/firefox/browser/features/aushelper@mozilla.org.xpi
1569567143935	Marionette	INFO	Listening on port 42689
1569567143955	Marionette	WARN	TLS certificate errors will be ignored for this session
[Child 2343, Chrome_ChildThread] WARNING: pipe error (3): Connection reset by peer: file /builddir/build/BUILD/firefox-60.9.0/ipc/chromium/src/chrome/common/ipc_channel_posix.cc, line 342
*** UTM:SVC TimerManager:registerTimer called after profile-before-change notification. Ignoring timer registration for id: telemetry_modules_ping
1569567178745	mozrunner::runner	INFO	Running command: "/usr/bin/firefox" "-marionette" "-headless" "-foreground" "-no-remote" "-profile" "/tmp/rust_mozprofile0Vtsmx"
*** You are running in headless mode.
1569567178991	addons.xpi	WARN	Can't get modified time of /usr/lib64/firefox/browser/features/aushelper@mozilla.org.xpi
1569567179093	addons.xpi-utils	WARN	addMetadata: Add-on aushelper@mozilla.org is invalid: [Exception... "Component returned failure code: 0x80520006 (NS_ERROR_FILE_TARGET_DOES_NOT_EXIST) [nsIFile.isFile]"  nsresult: "0x80520006 (NS_ERROR_FILE_TARGET_DOES_NOT_EXIST)"  location: "JS frame :: resource://gre/modules/addons/XPIInstall.jsm :: loadManifestFromFile :: line 925"  data: no] Stack trace: loadManifestFromFile()@resource://gre/modules/addons/XPIInstall.jsm:925
syncLoadManifestFromFile()@resource://gre/modules/addons/XPIProvider.jsm:940
addMetadata()@resource://gre/modules/addons/XPIProvider.jsm -> resource://gre/modules/addons/XPIProviderUtils.js:1173
processFileChanges()@resource://gre/modules/addons/XPIProvider.jsm -> resource://gre/modules/addons/XPIProviderUtils.js:1529
checkForChanges()@resource://gre/modules/addons/XPIProvider.jsm:3304
startup()@resource://gre/modules/addons/XPIProvider.jsm:2196
callProvider()@resource://gre/modules/AddonManager.jsm:253
_startProvider()@resource://gre/modules/AddonManager.jsm:728
startup()@resource://gre/modules/AddonManager.jsm:892
startup()@resource://gre/modules/AddonManager.jsm:2981
observe()@jar:file:///usr/lib64/firefox/omni.ja!/components/addonManager.js:63
1569567179094	addons.xpi-utils	WARN	Could not uninstall invalid item from locked install location
1569567179870	addons.xpi	WARN	Can't get modified time of /usr/lib64/firefox/browser/features/aushelper@mozilla.org.xpi
1569567179993	Marionette	INFO	Listening on port 41343
1569567180057	Marionette	WARN	TLS certificate errors will be ignored for this session
*** UTM:SVC TimerManager:registerTimer called after profile-before-change notification. Ignoring timer registration for id: telemetry_modules_ping
1569567381434	mozrunner::runner	INFO	Running command: "/usr/bin/firefox" "-marionette" "-headless" "-foreground" "-no-remote" "-profile" "/tmp/rust_mozprofilegBpBrA"
*** You are running in headless mode.
1569567381676	addons.xpi	WARN	Can't get modified time of /usr/lib64/firefox/browser/features/aushelper@mozilla.org.xpi
1569567381772	addons.xpi-utils	WARN	addMetadata: Add-on aushelper@mozilla.org is invalid: [Exception... "Component returned failure code: 0x80520006 (NS_ERROR_FILE_TARGET_DOES_NOT_EXIST) [nsIFile.isFile]"  nsresult: "0x80520006 (NS_ERROR_FILE_TARGET_DOES_NOT_EXIST)"  location: "JS frame :: resource://gre/modules/addons/XPIInstall.jsm :: loadManifestFromFile :: line 925"  data: no] Stack trace: loadManifestFromFile()@resource://gre/modules/addons/XPIInstall.jsm:925
syncLoadManifestFromFile()@resource://gre/modules/addons/XPIProvider.jsm:940
addMetadata()@resource://gre/modules/addons/XPIProvider.jsm -> resource://gre/modules/addons/XPIProviderUtils.js:1173
processFileChanges()@resource://gre/modules/addons/XPIProvider.jsm -> resource://gre/modules/addons/XPIProviderUtils.js:1529
checkForChanges()@resource://gre/modules/addons/XPIProvider.jsm:3304
startup()@resource://gre/modules/addons/XPIProvider.jsm:2196
callProvider()@resource://gre/modules/AddonManager.jsm:253
_startProvider()@resource://gre/modules/AddonManager.jsm:728
startup()@resource://gre/modules/AddonManager.jsm:892
startup()@resource://gre/modules/AddonManager.jsm:2981
observe()@jar:file:///usr/lib64/firefox/omni.ja!/components/addonManager.js:63
1569567381773	addons.xpi-utils	WARN	Could not uninstall invalid item from locked install location
1569567382531	addons.xpi	WARN	Can't get modified time of /usr/lib64/firefox/browser/features/aushelper@mozilla.org.xpi
1569567382638	Marionette	INFO	Listening on port 35551
1569567382741	Marionette	WARN	TLS certificate errors will be ignored for this session
1569567423200	mozrunner::runner	INFO	Running command: "/usr/bin/firefox" "-marionette" "-headless" "-foreground" "-no-remote" "-profile" "/tmp/rust_mozprofileSldS8C"
*** You are running in headless mode.
1569567423441	addons.xpi	WARN	Can't get modified time of /usr/lib64/firefox/browser/features/aushelper@mozilla.org.xpi
1569567423551	addons.xpi-utils	WARN	addMetadata: Add-on aushelper@mozilla.org is invalid: [Exception... "Component returned failure code: 0x80520006 (NS_ERROR_FILE_TARGET_DOES_NOT_EXIST) [nsIFile.isFile]"  nsresult: "0x80520006 (NS_ERROR_FILE_TARGET_DOES_NOT_EXIST)"  location: "JS frame :: resource://gre/modules/addons/XPIInstall.jsm :: loadManifestFromFile :: line 925"  data: no] Stack trace: loadManifestFromFile()@resource://gre/modules/addons/XPIInstall.jsm:925
syncLoadManifestFromFile()@resource://gre/modules/addons/XPIProvider.jsm:940
addMetadata()@resource://gre/modules/addons/XPIProvider.jsm -> resource://gre/modules/addons/XPIProviderUtils.js:1173
processFileChanges()@resource://gre/modules/addons/XPIProvider.jsm -> resource://gre/modules/addons/XPIProviderUtils.js:1529
checkForChanges()@resource://gre/modules/addons/XPIProvider.jsm:3304
startup()@resource://gre/modules/addons/XPIProvider.jsm:2196
callProvider()@resource://gre/modules/AddonManager.jsm:253
_startProvider()@resource://gre/modules/AddonManager.jsm:728
startup()@resource://gre/modules/AddonManager.jsm:892
startup()@resource://gre/modules/AddonManager.jsm:2981
observe()@jar:file:///usr/lib64/firefox/omni.ja!/components/addonManager.js:63
1569567423552	addons.xpi-utils	WARN	Could not uninstall invalid item from locked install location
1569567424300	addons.xpi	WARN	Can't get modified time of /usr/lib64/firefox/browser/features/aushelper@mozilla.org.xpi
1569567424445	Marionette	INFO	Listening on port 46783
1569567424507	Marionette	WARN	TLS certificate errors will be ignored for this session
1569567510135	mozrunner::runner	INFO	Running command: "/usr/bin/firefox" "-marionette" "-headless" "-foreground" "-no-remote" "-profile" "/tmp/rust_mozprofilenT9w2D"
*** You are running in headless mode.
1569567510374	addons.xpi	WARN	Can't get modified time of /usr/lib64/firefox/browser/features/aushelper@mozilla.org.xpi
1569567510478	addons.xpi-utils	WARN	addMetadata: Add-on aushelper@mozilla.org is invalid: [Exception... "Component returned failure code: 0x80520006 (NS_ERROR_FILE_TARGET_DOES_NOT_EXIST) [nsIFile.isFile]"  nsresult: "0x80520006 (NS_ERROR_FILE_TARGET_DOES_NOT_EXIST)"  location: "JS frame :: resource://gre/modules/addons/XPIInstall.jsm :: loadManifestFromFile :: line 925"  data: no] Stack trace: loadManifestFromFile()@resource://gre/modules/addons/XPIInstall.jsm:925
syncLoadManifestFromFile()@resource://gre/modules/addons/XPIProvider.jsm:940
addMetadata()@resource://gre/modules/addons/XPIProvider.jsm -> resource://gre/modules/addons/XPIProviderUtils.js:1173
processFileChanges()@resource://gre/modules/addons/XPIProvider.jsm -> resource://gre/modules/addons/XPIProviderUtils.js:1529
checkForChanges()@resource://gre/modules/addons/XPIProvider.jsm:3304
startup()@resource://gre/modules/addons/XPIProvider.jsm:2196
callProvider()@resource://gre/modules/AddonManager.jsm:253
_startProvider()@resource://gre/modules/AddonManager.jsm:728
startup()@resource://gre/modules/AddonManager.jsm:892
startup()@resource://gre/modules/AddonManager.jsm:2981
observe()@jar:file:///usr/lib64/firefox/omni.ja!/components/addonManager.js:63
1569567510478	addons.xpi-utils	WARN	Could not uninstall invalid item from locked install location
1569567511239	addons.xpi	WARN	Can't get modified time of /usr/lib64/firefox/browser/features/aushelper@mozilla.org.xpi
1569567511381	Marionette	INFO	Listening on port 38051
1569567511444	Marionette	WARN	TLS certificate errors will be ignored for this session

** (firefox:3268): WARNING **: 12:29:22.540: No marshaller for signature of signal 'PropertiesChanged'

** (firefox:3705): WARNING **: 12:30:04.309: No marshaller for signature of signal 'PropertiesChanged'

** (firefox:4264): WARNING **: 12:31:31.248: No marshaller for signature of signal 'PropertiesChanged'
1569567761134	mozrunner::runner	INFO	Running command: "/usr/bin/firefox" "-marionette" "-headless" "-foreground" "-no-remote" "-profile" "/tmp/rust_mozprofile9Y5ZK4"
*** You are running in headless mode.
1569567761390	addons.xpi	WARN	Can't get modified time of /usr/lib64/firefox/browser/features/aushelper@mozilla.org.xpi
1569567761490	addons.xpi-utils	WARN	addMetadata: Add-on aushelper@mozilla.org is invalid: [Exception... "Component returned failure code: 0x80520006 (NS_ERROR_FILE_TARGET_DOES_NOT_EXIST) [nsIFile.isFile]"  nsresult: "0x80520006 (NS_ERROR_FILE_TARGET_DOES_NOT_EXIST)"  location: "JS frame :: resource://gre/modules/addons/XPIInstall.jsm :: loadManifestFromFile :: line 925"  data: no] Stack trace: loadManifestFromFile()@resource://gre/modules/addons/XPIInstall.jsm:925
syncLoadManifestFromFile()@resource://gre/modules/addons/XPIProvider.jsm:940
addMetadata()@resource://gre/modules/addons/XPIProvider.jsm -> resource://gre/modules/addons/XPIProviderUtils.js:1173
processFileChanges()@resource://gre/modules/addons/XPIProvider.jsm -> resource://gre/modules/addons/XPIProviderUtils.js:1529
checkForChanges()@resource://gre/modules/addons/XPIProvider.jsm:3304
startup()@resource://gre/modules/addons/XPIProvider.jsm:2196
callProvider()@resource://gre/modules/AddonManager.jsm:253
_startProvider()@resource://gre/modules/AddonManager.jsm:728
startup()@resource://gre/modules/AddonManager.jsm:892
startup()@resource://gre/modules/AddonManager.jsm:2981
observe()@jar:file:///usr/lib64/firefox/omni.ja!/components/addonManager.js:63
1569567761491	addons.xpi-utils	WARN	Could not uninstall invalid item from locked install location
1569567762243	addons.xpi	WARN	Can't get modified time of /usr/lib64/firefox/browser/features/aushelper@mozilla.org.xpi
1569567762355	Marionette	INFO	Listening on port 35867
1569567762440	Marionette	WARN	TLS certificate errors will be ignored for this session
[Child 5487, Chrome_ChildThread] WARNING: pipe error (3): Connection reset by peer: file /builddir/build/BUILD/firefox-60.9.0/ipc/chromium/src/chrome/common/ipc_channel_posix.cc, line 342
1569567879954	mozrunner::runner	INFO	Running command: "/usr/bin/firefox" "-marionette" "-headless" "-foreground" "-no-remote" "-profile" "/tmp/rust_mozprofileAdo7Ic"
*** You are running in headless mode.
1569567880229	addons.xpi	WARN	Can't get modified time of /usr/lib64/firefox/browser/features/aushelper@mozilla.org.xpi
1569567880369	addons.xpi-utils	WARN	addMetadata: Add-on aushelper@mozilla.org is invalid: [Exception... "Component returned failure code: 0x80520006 (NS_ERROR_FILE_TARGET_DOES_NOT_EXIST) [nsIFile.isFile]"  nsresult: "0x80520006 (NS_ERROR_FILE_TARGET_DOES_NOT_EXIST)"  location: "JS frame :: resource://gre/modules/addons/XPIInstall.jsm :: loadManifestFromFile :: line 925"  data: no] Stack trace: loadManifestFromFile()@resource://gre/modules/addons/XPIInstall.jsm:925
syncLoadManifestFromFile()@resource://gre/modules/addons/XPIProvider.jsm:940
addMetadata()@resource://gre/modules/addons/XPIProvider.jsm -> resource://gre/modules/addons/XPIProviderUtils.js:1173
processFileChanges()@resource://gre/modules/addons/XPIProvider.jsm -> resource://gre/modules/addons/XPIProviderUtils.js:1529
checkForChanges()@resource://gre/modules/addons/XPIProvider.jsm:3304
startup()@resource://gre/modules/addons/XPIProvider.jsm:2196
callProvider()@resource://gre/modules/AddonManager.jsm:253
_startProvider()@resource://gre/modules/AddonManager.jsm:728
startup()@resource://gre/modules/AddonManager.jsm:892
startup()@resource://gre/modules/AddonManager.jsm:2981
observe()@jar:file:///usr/lib64/firefox/omni.ja!/components/addonManager.js:63
1569567880370	addons.xpi-utils	WARN	Could not uninstall invalid item from locked install location
1569567881344	addons.xpi	WARN	Can't get modified time of /usr/lib64/firefox/browser/features/aushelper@mozilla.org.xpi
1569567881480	Marionette	INFO	Listening on port 33695
1569567881561	Marionette	WARN	TLS certificate errors will be ignored for this session

** (firefox:5973): WARNING **: 12:37:41.351: No marshaller for signature of signal 'PropertiesChanged'
1569568126405	mozrunner::runner	INFO	Running command: "/usr/bin/firefox" "-marionette" "-foreground" "-no-remote" "-profile" "/tmp/rust_mozprofileFMOEqE"
1569568126698	addons.xpi	WARN	Can't get modified time of /usr/lib64/firefox/browser/features/aushelper@mozilla.org.xpi
1569568126806	addons.xpi-utils	WARN	addMetadata: Add-on aushelper@mozilla.org is invalid: [Exception... "Component returned failure code: 0x80520006 (NS_ERROR_FILE_TARGET_DOES_NOT_EXIST) [nsIFile.isFile]"  nsresult: "0x80520006 (NS_ERROR_FILE_TARGET_DOES_NOT_EXIST)"  location: "JS frame :: resource://gre/modules/addons/XPIInstall.jsm :: loadManifestFromFile :: line 925"  data: no] Stack trace: loadManifestFromFile()@resource://gre/modules/addons/XPIInstall.jsm:925
syncLoadManifestFromFile()@resource://gre/modules/addons/XPIProvider.jsm:940
addMetadata()@resource://gre/modules/addons/XPIProvider.jsm -> resource://gre/modules/addons/XPIProviderUtils.js:1173
processFileChanges()@resource://gre/modules/addons/XPIProvider.jsm -> resource://gre/modules/addons/XPIProviderUtils.js:1529
checkForChanges()@resource://gre/modules/addons/XPIProvider.jsm:3304
startup()@resource://gre/modules/addons/XPIProvider.jsm:2196
callProvider()@resource://gre/modules/AddonManager.jsm:253
_startProvider()@resource://gre/modules/AddonManager.jsm:728
startup()@resource://gre/modules/AddonManager.jsm:892
startup()@resource://gre/modules/AddonManager.jsm:2981
observe()@jar:file:///usr/lib64/firefox/omni.ja!/components/addonManager.js:63
1569568126807	addons.xpi-utils	WARN	Could not uninstall invalid item from locked install location
1569568127877	addons.xpi	WARN	Can't get modified time of /usr/lib64/firefox/browser/features/aushelper@mozilla.org.xpi
1569568128044	Marionette	INFO	Listening on port 38949
1569568128113	Marionette	WARN	TLS certificate errors will be ignored for this session
